[2019-11-10T22:45:13+08:00][info] [ VIEW ] D:\phpstudy_pro\WWW\test\app\index\view\index\index.html [ array (
) ]
[2019-11-10T22:45:25+08:00][sql] CONNECT:[ UseTime:0.079946s ] mysql:host=127.0.0.1;port=3306;dbname=test;charset=utf8
[2019-11-10T22:45:25+08:00][sql] SHOW FULL COLUMNS FROM `student` [ RunTime:0.026891s ]
[2019-11-10T22:45:25+08:00][error] [10501]SQLSTATE[42S22]: Column not found: 1054 Unknown column 'studId' in 'where clause'[D:\phpstudy_pro\WWW\test\vendor\topthink\think-orm\src\db\PDOConnection.php:713]
[2019-11-10T22:46:52+08:00][sql] CONNECT:[ UseTime:0.006043s ] mysql:host=127.0.0.1;port=3306;dbname=test;charset=utf8
[2019-11-10T22:46:52+08:00][sql] SHOW FULL COLUMNS FROM `student` [ RunTime:0.009617s ]
[2019-11-10T22:46:52+08:00][sql] SELECT * FROM `student` WHERE  `user_id` = '201730622101' LIMIT 1 [ RunTime:0.054935s ]
[2019-11-10T22:47:11+08:00][sql] CONNECT:[ UseTime:0.001994s ] mysql:host=127.0.0.1;port=3306;dbname=test;charset=utf8
[2019-11-10T22:47:11+08:00][sql] SHOW FULL COLUMNS FROM `student` [ RunTime:0.004051s ]
[2019-11-10T22:47:11+08:00][sql] SELECT * FROM `student` WHERE  `user_id` = '201730622101' LIMIT 1 [ RunTime:0.000814s ]
[2019-11-10T22:47:16+08:00][sql] CONNECT:[ UseTime:0.002176s ] mysql:host=127.0.0.1;port=3306;dbname=test;charset=utf8
[2019-11-10T22:47:16+08:00][sql] SHOW FULL COLUMNS FROM `student` [ RunTime:0.003825s ]
[2019-11-10T23:00:53+08:00][info] [ VIEW ] D:\phpstudy_pro\WWW\test\app\index\view\index\index.html [ array (
) ]
[2019-11-10T23:00:54+08:00][info] [ VIEW ] D:\phpstudy_pro\WWW\test\app\index\view\index\index.html [ array (
) ]
[2019-11-10T23:00:55+08:00][info] [ VIEW ] D:\phpstudy_pro\WWW\test\app\index\view\index\index.html [ array (
) ]
[2019-11-10T23:01:56+08:00][info] [ VIEW ] D:\phpstudy_pro\WWW\test\app\index\view\index\index.html [ array (
) ]
[2019-11-10T23:01:57+08:00][info] [ VIEW ] D:\phpstudy_pro\WWW\test\app\index\view\index\index.html [ array (
) ]
[2019-11-10T23:02:59+08:00][info] [ VIEW ] D:\phpstudy_pro\WWW\test\app\index\view\index\index.html [ array (
) ]
[2019-11-10T23:03:08+08:00][info] [ VIEW ] D:\phpstudy_pro\WWW\test\app\index\view\index\index.html [ array (
) ]
[2019-11-10T23:04:00+08:00][info] [ VIEW ] D:\phpstudy_pro\WWW\test\app\index\view\index\index.html [ array (
) ]
[2019-11-10T23:04:17+08:00][info] [ VIEW ] D:\phpstudy_pro\WWW\test\app\index\view\index\index.html [ array (
) ]
[2019-11-10T23:09:46+08:00][info] [ VIEW ] D:\phpstudy_pro\WWW\test\app\index\view\index\index.html [ array (
) ]
[2019-11-10T23:09:47+08:00][info] [ VIEW ] D:\phpstudy_pro\WWW\test\app\index\view\index\index.html [ array (
) ]
