[2019-11-11T00:15:24+08:00][info] [ VIEW ] D:\phpstudy_pro\WWW\test\app\index\view\index\index.html [ array (
) ]
[2019-11-11T00:16:00+08:00][info] [ VIEW ] D:\phpstudy_pro\WWW\test\app\index\view\index\index.html [ array (
) ]
[2019-11-11T00:16:01+08:00][info] [ VIEW ] D:\phpstudy_pro\WWW\test\app\index\view\index\index.html [ array (
) ]
[2019-11-11T00:16:10+08:00][info] [ VIEW ] D:\phpstudy_pro\WWW\test\app\index\view\index\index.html [ array (
) ]
[2019-11-11T10:31:34+08:00][info] [ VIEW ] D:\phpstudy_pro\WWW\test\app\index\view\index\index.html [ array (
) ]
[2019-11-11T10:32:11+08:00][sql] CONNECT:[ UseTime:0.225800s ] mysql:host=127.0.0.1;port=3306;dbname=test;charset=utf8
[2019-11-11T10:32:11+08:00][sql] SHOW FULL COLUMNS FROM `student` [ RunTime:0.330466s ]
[2019-11-11T10:32:11+08:00][error] [8]æœªå®šä¹‰æ•°ç»„ç´¢å¼•: studId[D:\phpstudy_pro\WWW\test\app\index\controller\Index.php:18]
[2019-11-11T10:32:32+08:00][sql] CONNECT:[ UseTime:0.001891s ] mysql:host=127.0.0.1;port=3306;dbname=test;charset=utf8
[2019-11-11T10:32:32+08:00][sql] SHOW FULL COLUMNS FROM `student` [ RunTime:0.003697s ]
[2019-11-11T12:09:43+08:00][info] [ VIEW ] D:\phpstudy_pro\WWW\test\app\index\view\index\index.html [ array (
) ]
[2019-11-11T12:09:47+08:00][sql] CONNECT:[ UseTime:0.025596s ] mysql:host=127.0.0.1;port=3306;dbname=test;charset=utf8
[2019-11-11T12:09:47+08:00][sql] SHOW FULL COLUMNS FROM `student` [ RunTime:0.045349s ]
[2019-11-11T12:11:23+08:00][info] [ VIEW ] D:\phpstudy_pro\WWW\test\app\index\view\index\index.html [ array (
) ]
[2019-11-11T12:12:48+08:00][info] [ VIEW ] D:\phpstudy_pro\WWW\test\app\index\view\index\index.html [ array (
) ]
[2019-11-11T12:16:39+08:00][info] [ VIEW ] D:\phpstudy_pro\WWW\test\app\index\view\index\index.html [ array (
) ]
[2019-11-11T12:16:40+08:00][sql] CONNECT:[ UseTime:0.002962s ] mysql:host=127.0.0.1;port=3306;dbname=test;charset=utf8
[2019-11-11T12:16:40+08:00][sql] SHOW FULL COLUMNS FROM `student` [ RunTime:0.003826s ]
[2019-11-11T12:16:40+08:00][error] [8]æœªå®šä¹‰æ•°ç»„ç´¢å¼•: school[D:\phpstudy_pro\WWW\test\app\index\controller\Index.php:20]
[2019-11-11T12:16:50+08:00][info] [ VIEW ] D:\phpstudy_pro\WWW\test\app\index\view\index\index.html [ array (
) ]
[2019-11-11T12:16:52+08:00][sql] CONNECT:[ UseTime:0.002207s ] mysql:host=127.0.0.1;port=3306;dbname=test;charset=utf8
[2019-11-11T12:16:52+08:00][sql] SHOW FULL COLUMNS FROM `student` [ RunTime:0.004410s ]
[2019-11-11T12:16:56+08:00][sql] CONNECT:[ UseTime:0.002301s ] mysql:host=127.0.0.1;port=3306;dbname=test;charset=utf8
[2019-11-11T12:16:56+08:00][sql] SHOW FULL COLUMNS FROM `student` [ RunTime:0.004895s ]
[2019-11-11T12:16:59+08:00][info] [ VIEW ] D:\phpstudy_pro\WWW\test\app\index\view\index\index.html [ array (
) ]
[2019-11-11T12:17:00+08:00][sql] CONNECT:[ UseTime:0.001894s ] mysql:host=127.0.0.1;port=3306;dbname=test;charset=utf8
[2019-11-11T12:17:00+08:00][sql] SHOW FULL COLUMNS FROM `student` [ RunTime:0.004527s ]
[2019-11-11T12:17:00+08:00][error] [8]æœªå®šä¹‰æ•°ç»„ç´¢å¼•: school[D:\phpstudy_pro\WWW\test\app\index\controller\Index.php:20]
[2019-11-11T12:17:02+08:00][info] [ VIEW ] D:\phpstudy_pro\WWW\test\app\index\view\index\index.html [ array (
) ]
[2019-11-11T12:17:04+08:00][sql] CONNECT:[ UseTime:0.001925s ] mysql:host=127.0.0.1;port=3306;dbname=test;charset=utf8
[2019-11-11T12:17:04+08:00][sql] SHOW FULL COLUMNS FROM `student` [ RunTime:0.004081s ]
[2019-11-11T12:17:18+08:00][info] [ VIEW ] D:\phpstudy_pro\WWW\test\app\index\view\index\index.html [ array (
) ]
[2019-11-11T12:17:19+08:00][sql] CONNECT:[ UseTime:0.001866s ] mysql:host=127.0.0.1;port=3306;dbname=test;charset=utf8
[2019-11-11T12:17:19+08:00][sql] SHOW FULL COLUMNS FROM `student` [ RunTime:0.005018s ]
[2019-11-11T12:17:21+08:00][sql] CONNECT:[ UseTime:0.001891s ] mysql:host=127.0.0.1;port=3306;dbname=test;charset=utf8
[2019-11-11T12:17:21+08:00][sql] SHOW FULL COLUMNS FROM `student` [ RunTime:0.003957s ]
[2019-11-11T12:18:42+08:00][info] [ VIEW ] D:\phpstudy_pro\WWW\test\app\index\view\index\index.html [ array (
) ]
[2019-11-11T12:18:43+08:00][sql] CONNECT:[ UseTime:0.002140s ] mysql:host=127.0.0.1;port=3306;dbname=test;charset=utf8
[2019-11-11T12:18:43+08:00][sql] SHOW FULL COLUMNS FROM `student` [ RunTime:0.004116s ]
[2019-11-11T12:18:59+08:00][info] [ VIEW ] D:\phpstudy_pro\WWW\test\app\index\view\index\index.html [ array (
) ]
[2019-11-11T12:19:01+08:00][sql] CONNECT:[ UseTime:0.001945s ] mysql:host=127.0.0.1;port=3306;dbname=test;charset=utf8
[2019-11-11T12:19:01+08:00][sql] SHOW FULL COLUMNS FROM `student` [ RunTime:0.004281s ]
[2019-11-11T12:22:13+08:00][info] [ VIEW ] D:\phpstudy_pro\WWW\test\app\index\view\index\index.html [ array (
) ]
[2019-11-11T12:22:16+08:00][sql] CONNECT:[ UseTime:0.002131s ] mysql:host=127.0.0.1;port=3306;dbname=test;charset=utf8
[2019-11-11T12:22:16+08:00][sql] SHOW FULL COLUMNS FROM `student` [ RunTime:0.004347s ]
[2019-11-11T12:22:16+08:00][sql] SHOW FULL COLUMNS FROM `teacher` [ RunTime:0.078501s ]
[2019-11-11T12:23:09+08:00][info] [ VIEW ] D:\phpstudy_pro\WWW\test\app\index\view\index\index.html [ array (
) ]
[2019-11-11T12:23:10+08:00][sql] CONNECT:[ UseTime:0.002460s ] mysql:host=127.0.0.1;port=3306;dbname=test;charset=utf8
[2019-11-11T12:23:10+08:00][sql] SHOW FULL COLUMNS FROM `student` [ RunTime:0.003760s ]
[2019-11-11T12:23:10+08:00][sql] SHOW FULL COLUMNS FROM `teacher` [ RunTime:0.003449s ]
[2019-11-11T12:23:10+08:00][error] [2]Use of undefined constant student - assumed 'student' (this will throw an Error in a future version of PHP)[D:\phpstudy_pro\WWW\test\app\index\controller\Index.php:21]
[2019-11-11T12:23:22+08:00][sql] CONNECT:[ UseTime:0.001951s ] mysql:host=127.0.0.1;port=3306;dbname=test;charset=utf8
[2019-11-11T12:23:22+08:00][sql] SHOW FULL COLUMNS FROM `student` [ RunTime:0.004298s ]
[2019-11-11T12:23:22+08:00][sql] SHOW FULL COLUMNS FROM `teacher` [ RunTime:0.003771s ]
[2019-11-11T12:23:22+08:00][error] [2]Use of undefined constant student - assumed 'student' (this will throw an Error in a future version of PHP)[D:\phpstudy_pro\WWW\test\app\index\controller\Index.php:21]
[2019-11-11T12:23:45+08:00][sql] CONNECT:[ UseTime:0.002175s ] mysql:host=127.0.0.1;port=3306;dbname=test;charset=utf8
[2019-11-11T12:23:45+08:00][sql] SHOW FULL COLUMNS FROM `student` [ RunTime:0.004238s ]
[2019-11-11T12:23:45+08:00][sql] SHOW FULL COLUMNS FROM `teacher` [ RunTime:0.003928s ]
[2019-11-11T12:23:53+08:00][sql] CONNECT:[ UseTime:0.001951s ] mysql:host=127.0.0.1;port=3306;dbname=test;charset=utf8
[2019-11-11T12:23:53+08:00][sql] SHOW FULL COLUMNS FROM `student` [ RunTime:0.002372s ]
[2019-11-11T12:23:53+08:00][sql] SHOW FULL COLUMNS FROM `teacher` [ RunTime:0.003885s ]
[2019-11-11T12:24:01+08:00][sql] CONNECT:[ UseTime:0.001773s ] mysql:host=127.0.0.1;port=3306;dbname=test;charset=utf8
[2019-11-11T12:24:01+08:00][sql] SHOW FULL COLUMNS FROM `student` [ RunTime:0.002201s ]
[2019-11-11T12:24:01+08:00][sql] SHOW FULL COLUMNS FROM `teacher` [ RunTime:0.004285s ]
[2019-11-11T12:24:01+08:00][error] [2]Use of undefined constant student - assumed 'student' (this will throw an Error in a future version of PHP)[D:\phpstudy_pro\WWW\test\app\index\controller\Index.php:22]
[2019-11-11T12:24:33+08:00][sql] CONNECT:[ UseTime:0.001890s ] mysql:host=127.0.0.1;port=3306;dbname=test;charset=utf8
[2019-11-11T12:24:33+08:00][sql] SHOW FULL COLUMNS FROM `student` [ RunTime:0.002672s ]
[2019-11-11T12:24:33+08:00][sql] SHOW FULL COLUMNS FROM `teacher` [ RunTime:0.004054s ]
[2019-11-11T12:25:19+08:00][sql] CONNECT:[ UseTime:0.001915s ] mysql:host=127.0.0.1;port=3306;dbname=test;charset=utf8
[2019-11-11T12:25:19+08:00][sql] SHOW FULL COLUMNS FROM `student` [ RunTime:0.002109s ]
[2019-11-11T12:25:19+08:00][sql] SHOW FULL COLUMNS FROM `teacher` [ RunTime:0.004215s ]
[2019-11-11T12:25:24+08:00][sql] CONNECT:[ UseTime:0.001841s ] mysql:host=127.0.0.1;port=3306;dbname=test;charset=utf8
[2019-11-11T12:25:24+08:00][sql] SHOW FULL COLUMNS FROM `student` [ RunTime:0.001835s ]
[2019-11-11T12:25:24+08:00][sql] SHOW FULL COLUMNS FROM `teacher` [ RunTime:0.004064s ]
[2019-11-11T12:26:17+08:00][info] [ VIEW ] D:\phpstudy_pro\WWW\test\app\index\view\index\index.html [ array (
) ]
[2019-11-11T12:26:18+08:00][info] [ VIEW ] D:\phpstudy_pro\WWW\test\app\index\view\index\index.html [ array (
) ]
[2019-11-11T12:26:18+08:00][info] [ VIEW ] D:\phpstudy_pro\WWW\test\app\index\view\index\index.html [ array (
) ]
[2019-11-11T12:26:27+08:00][info] [ VIEW ] D:\phpstudy_pro\WWW\test\app\index\view\index\index.html [ array (
) ]
[2019-11-11T12:26:40+08:00][info] [ VIEW ] D:\phpstudy_pro\WWW\test\app\index\view\index\index.html [ array (
) ]
[2019-11-11T12:29:11+08:00][info] [ VIEW ] D:\phpstudy_pro\WWW\test\app\index\view\index\index.html [ array (
) ]
[2019-11-11T12:29:11+08:00][info] [ VIEW ] D:\phpstudy_pro\WWW\test\app\index\view\index\index.html [ array (
) ]
[2019-11-11T12:29:37+08:00][info] [ VIEW ] D:\phpstudy_pro\WWW\test\app\index\view\index\index.html [ array (
) ]
[2019-11-11T12:29:39+08:00][info] [ VIEW ] D:\phpstudy_pro\WWW\test\app\index\view\index\index.html [ array (
) ]
[2019-11-11T12:29:45+08:00][info] [ VIEW ] D:\phpstudy_pro\WWW\test\app\index\view\index\index.html [ array (
) ]
[2019-11-11T12:30:59+08:00][info] [ VIEW ] D:\phpstudy_pro\WWW\test\app\index\view\index\index.html [ array (
) ]
[2019-11-11T12:31:19+08:00][info] [ VIEW ] D:\phpstudy_pro\WWW\test\app\index\view\index\index.html [ array (
) ]
[2019-11-11T12:31:20+08:00][info] [ VIEW ] D:\phpstudy_pro\WWW\test\app\index\view\index\index.html [ array (
) ]
[2019-11-11T12:31:21+08:00][sql] CONNECT:[ UseTime:0.002030s ] mysql:host=127.0.0.1;port=3306;dbname=test;charset=utf8
[2019-11-11T12:31:21+08:00][sql] SHOW FULL COLUMNS FROM `student` [ RunTime:0.002240s ]
[2019-11-11T12:31:21+08:00][sql] SHOW FULL COLUMNS FROM `teacher` [ RunTime:0.004087s ]
[2019-11-11T12:31:29+08:00][info] [ VIEW ] D:\phpstudy_pro\WWW\test\app\index\view\index\register.html [ array (
) ]
[2019-11-11T12:31:32+08:00][info] [ VIEW ] D:\phpstudy_pro\WWW\test\app\index\view\index\index.html [ array (
) ]
[2019-11-11T12:31:33+08:00][info] [ VIEW ] D:\phpstudy_pro\WWW\test\app\index\view\index\register.html [ array (
) ]
[2019-11-11T12:32:36+08:00][info] [ VIEW ] D:\phpstudy_pro\WWW\test\app\index\view\index\index.html [ array (
) ]
[2019-11-11T12:32:37+08:00][info] [ VIEW ] D:\phpstudy_pro\WWW\test\app\index\view\index\index.html [ array (
) ]
[2019-11-11T12:33:34+08:00][info] [ VIEW ] D:\phpstudy_pro\WWW\test\app\index\view\index\index.html [ array (
) ]
[2019-11-11T12:33:38+08:00][sql] CONNECT:[ UseTime:0.002332s ] mysql:host=127.0.0.1;port=3306;dbname=test;charset=utf8
[2019-11-11T12:33:38+08:00][sql] SHOW FULL COLUMNS FROM `student` [ RunTime:0.002239s ]
[2019-11-11T12:33:38+08:00][sql] SHOW FULL COLUMNS FROM `teacher` [ RunTime:0.003859s ]
[2019-11-11T12:33:38+08:00][sql] SELECT * FROM `student` WHERE  `user_id` = '312' LIMIT 1 [ RunTime:0.102719s ]
[2019-11-11T12:54:56+08:00][info] [ VIEW ] D:\phpstudy_pro\WWW\test\app\index\view\container\index.html [ array (
) ]
[2019-11-11T12:57:53+08:00][info] [ VIEW ] D:\phpstudy_pro\WWW\test\app\index\view\index\index.html [ array (
) ]
[2019-11-11T12:58:02+08:00][sql] CONNECT:[ UseTime:0.002331s ] mysql:host=127.0.0.1;port=3306;dbname=test;charset=utf8
[2019-11-11T12:58:02+08:00][sql] SHOW FULL COLUMNS FROM `student` [ RunTime:0.002046s ]
[2019-11-11T12:58:02+08:00][sql] SHOW FULL COLUMNS FROM `teacher` [ RunTime:0.001811s ]
[2019-11-11T12:58:02+08:00][sql] SELECT * FROM `teacher` WHERE  `user_id` = '666666' LIMIT 1 [ RunTime:0.088769s ]
[2019-11-11T12:58:14+08:00][sql] CONNECT:[ UseTime:0.001893s ] mysql:host=127.0.0.1;port=3306;dbname=test;charset=utf8
[2019-11-11T12:58:14+08:00][sql] SHOW FULL COLUMNS FROM `student` [ RunTime:0.001813s ]
[2019-11-11T12:58:14+08:00][sql] SHOW FULL COLUMNS FROM `teacher` [ RunTime:0.002102s ]
[2019-11-11T12:58:14+08:00][sql] SELECT * FROM `student` WHERE  `user_id` = '201730622101' LIMIT 1 [ RunTime:0.001206s ]
[2019-11-11T12:58:14+08:00][error] [0]Call to undefined method app\index\controller\Index::success()[D:\phpstudy_pro\WWW\test\app\index\controller\Index.php:27]
[2019-11-11T12:58:54+08:00][sql] CONNECT:[ UseTime:0.002084s ] mysql:host=127.0.0.1;port=3306;dbname=test;charset=utf8
[2019-11-11T12:58:54+08:00][sql] SHOW FULL COLUMNS FROM `student` [ RunTime:0.001787s ]
[2019-11-11T12:58:54+08:00][sql] SHOW FULL COLUMNS FROM `teacher` [ RunTime:0.002324s ]
[2019-11-11T12:58:54+08:00][sql] SELECT * FROM `student` WHERE  `user_id` = '201730622101' LIMIT 1 [ RunTime:0.001154s ]
[2019-11-11T12:58:54+08:00][error] [0]Call to undefined function app\index\controller\success()[D:\phpstudy_pro\WWW\test\app\index\controller\Index.php:27]
[2019-11-11T13:02:38+08:00][sql] CONNECT:[ UseTime:0.002312s ] mysql:host=127.0.0.1;port=3306;dbname=test;charset=utf8
[2019-11-11T13:02:38+08:00][sql] SHOW FULL COLUMNS FROM `student` [ RunTime:0.002255s ]
[2019-11-11T13:02:38+08:00][sql] SHOW FULL COLUMNS FROM `teacher` [ RunTime:0.001950s ]
[2019-11-11T13:02:38+08:00][sql] SELECT * FROM `student` WHERE  `user_id` = '201730622101' LIMIT 1 [ RunTime:0.001354s ]
[2019-11-11T13:02:38+08:00][error] [0]Call to undefined method app\index\controller\Index::success()[D:\phpstudy_pro\WWW\test\app\index\controller\Index.php:27]
[2019-11-11T13:14:13+08:00][sql] CONNECT:[ UseTime:0.002445s ] mysql:host=127.0.0.1;port=3306;dbname=test;charset=utf8
[2019-11-11T13:14:13+08:00][sql] SHOW FULL COLUMNS FROM `student` [ RunTime:0.002434s ]
[2019-11-11T13:14:13+08:00][sql] SHOW FULL COLUMNS FROM `teacher` [ RunTime:0.001861s ]
[2019-11-11T13:14:13+08:00][error] [8]æœªå®šä¹‰æ•°ç»„ç´¢å¼•: user_id[D:\phpstudy_pro\WWW\test\app\index\controller\Index.php:18]
[2019-11-11T13:14:20+08:00][sql] CONNECT:[ UseTime:0.002103s ] mysql:host=127.0.0.1;port=3306;dbname=test;charset=utf8
[2019-11-11T13:14:20+08:00][sql] SHOW FULL COLUMNS FROM `student` [ RunTime:0.001957s ]
[2019-11-11T13:14:20+08:00][sql] SHOW FULL COLUMNS FROM `teacher` [ RunTime:0.001730s ]
[2019-11-11T13:14:20+08:00][sql] SELECT * FROM `student` WHERE  `user_id` = '201730622101' LIMIT 1 [ RunTime:0.001300s ]
[2019-11-11T13:14:20+08:00][error] [0]Call to undefined method app\index\controller\Index::success()[D:\phpstudy_pro\WWW\test\app\index\controller\Index.php:27]
[2019-11-11T13:14:24+08:00][info] [ VIEW ] D:\phpstudy_pro\WWW\test\app\index\view\index\index.html [ array (
) ]
[2019-11-11T13:14:24+08:00][info] [ VIEW ] D:\phpstudy_pro\WWW\test\app\index\view\index\index.html [ array (
) ]
[2019-11-11T13:14:25+08:00][sql] CONNECT:[ UseTime:0.001811s ] mysql:host=127.0.0.1;port=3306;dbname=test;charset=utf8
[2019-11-11T13:14:25+08:00][sql] SHOW FULL COLUMNS FROM `student` [ RunTime:0.001986s ]
[2019-11-11T13:14:25+08:00][sql] SHOW FULL COLUMNS FROM `teacher` [ RunTime:0.002497s ]
[2019-11-11T13:14:41+08:00][sql] CONNECT:[ UseTime:0.002350s ] mysql:host=127.0.0.1;port=3306;dbname=test;charset=utf8
[2019-11-11T13:14:41+08:00][sql] SHOW FULL COLUMNS FROM `student` [ RunTime:0.001787s ]
[2019-11-11T13:14:41+08:00][sql] SHOW FULL COLUMNS FROM `teacher` [ RunTime:0.001720s ]
[2019-11-11T13:14:41+08:00][sql] SELECT * FROM `student` WHERE  `user_id` = '201730622101' LIMIT 1 [ RunTime:0.000836s ]
[2019-11-11T13:14:41+08:00][error] [0]Call to undefined method app\index\controller\Index::success()[D:\phpstudy_pro\WWW\test\app\index\controller\Index.php:27]
[2019-11-11T13:15:21+08:00][sql] CONNECT:[ UseTime:0.002519s ] mysql:host=127.0.0.1;port=3306;dbname=test;charset=utf8
[2019-11-11T13:15:21+08:00][sql] SHOW FULL COLUMNS FROM `student` [ RunTime:0.002473s ]
[2019-11-11T13:15:21+08:00][sql] SHOW FULL COLUMNS FROM `teacher` [ RunTime:0.004770s ]
[2019-11-11T13:15:21+08:00][sql] SELECT * FROM `student` WHERE  `user_id` = '201730622101' LIMIT 1 [ RunTime:0.001652s ]
[2019-11-11T13:15:21+08:00][error] [0]Call to undefined method app\index\controller\Index::success()[D:\phpstudy_pro\WWW\test\app\index\controller\Index.php:28]
[2019-11-11T13:15:33+08:00][sql] CONNECT:[ UseTime:0.002159s ] mysql:host=127.0.0.1;port=3306;dbname=test;charset=utf8
[2019-11-11T13:15:33+08:00][sql] SHOW FULL COLUMNS FROM `student` [ RunTime:0.002698s ]
[2019-11-11T13:15:33+08:00][sql] SHOW FULL COLUMNS FROM `teacher` [ RunTime:0.002499s ]
[2019-11-11T13:15:33+08:00][sql] SELECT * FROM `student` WHERE  `user_id` = '201730622101' LIMIT 1 [ RunTime:0.001186s ]
[2019-11-11T13:15:33+08:00][info] [ VIEW ] D:\phpstudy_pro\WWW\test\/vendor/liliuwei/thinkphp-jump/src/tpl/dispatch_jump.tpl [ array (
  0 => 'code',
  1 => 'msg',
  2 => 'data',
  3 => 'url',
  4 => 'wait',
) ]
[2019-11-11T13:16:55+08:00][sql] CONNECT:[ UseTime:0.001835s ] mysql:host=127.0.0.1;port=3306;dbname=test;charset=utf8
[2019-11-11T13:16:55+08:00][sql] SHOW FULL COLUMNS FROM `student` [ RunTime:0.001862s ]
[2019-11-11T13:16:55+08:00][sql] SHOW FULL COLUMNS FROM `teacher` [ RunTime:0.001822s ]
[2019-11-11T13:16:55+08:00][sql] SELECT * FROM `student` WHERE  `user_id` = '201730622101' LIMIT 1 [ RunTime:0.000798s ]
[2019-11-11T13:16:55+08:00][info] [ VIEW ] D:\phpstudy_pro\WWW\test\/vendor/liliuwei/thinkphp-jump/src/tpl/dispatch_jump.tpl [ array (
  0 => 'code',
  1 => 'msg',
  2 => 'data',
  3 => 'url',
  4 => 'wait',
) ]
[2019-11-11T13:16:57+08:00][info] [ VIEW ] D:\phpstudy_pro\WWW\test\app\index\view\container\index.html [ array (
) ]
[2019-11-11T13:17:30+08:00][sql] CONNECT:[ UseTime:0.001927s ] mysql:host=127.0.0.1;port=3306;dbname=test;charset=utf8
[2019-11-11T13:17:30+08:00][sql] SHOW FULL COLUMNS FROM `student` [ RunTime:0.001842s ]
[2019-11-11T13:17:30+08:00][sql] SHOW FULL COLUMNS FROM `teacher` [ RunTime:0.005236s ]
[2019-11-11T13:17:30+08:00][sql] SELECT * FROM `student` WHERE  `user_id` = '201730622101' LIMIT 1 [ RunTime:0.000876s ]
[2019-11-11T13:17:30+08:00][info] [ VIEW ] D:\phpstudy_pro\WWW\test\/vendor/liliuwei/thinkphp-jump/src/tpl/dispatch_jump.tpl [ array (
  0 => 'code',
  1 => 'msg',
  2 => 'data',
  3 => 'url',
  4 => 'wait',
) ]
[2019-11-11T13:17:34+08:00][info] [ VIEW ] D:\phpstudy_pro\WWW\test\app\index\view\index\index.html [ array (
) ]
[2019-11-11T13:19:08+08:00][sql] CONNECT:[ UseTime:0.001870s ] mysql:host=127.0.0.1;port=3306;dbname=test;charset=utf8
[2019-11-11T13:19:08+08:00][sql] SHOW FULL COLUMNS FROM `student` [ RunTime:0.001857s ]
[2019-11-11T13:19:08+08:00][sql] SHOW FULL COLUMNS FROM `teacher` [ RunTime:0.003735s ]
[2019-11-11T13:19:24+08:00][sql] CONNECT:[ UseTime:0.001975s ] mysql:host=127.0.0.1;port=3306;dbname=test;charset=utf8
[2019-11-11T13:19:24+08:00][sql] SHOW FULL COLUMNS FROM `student` [ RunTime:0.002535s ]
[2019-11-11T13:19:24+08:00][sql] SHOW FULL COLUMNS FROM `teacher` [ RunTime:0.002260s ]
[2019-11-11T13:19:24+08:00][sql] SELECT * FROM `student` WHERE  `user_id` = '201730622101' LIMIT 1 [ RunTime:0.000946s ]
[2019-11-11T13:19:24+08:00][info] [ VIEW ] D:\phpstudy_pro\WWW\test\/vendor/liliuwei/thinkphp-jump/src/tpl/dispatch_jump.tpl [ array (
  0 => 'code',
  1 => 'msg',
  2 => 'data',
  3 => 'url',
  4 => 'wait',
) ]
[2019-11-11T13:19:25+08:00][info] [ VIEW ] D:\phpstudy_pro\WWW\test\app\index\view\index\index.html [ array (
) ]
[2019-11-11T13:19:47+08:00][sql] CONNECT:[ UseTime:0.001941s ] mysql:host=127.0.0.1;port=3306;dbname=test;charset=utf8
[2019-11-11T13:19:47+08:00][sql] SHOW FULL COLUMNS FROM `student` [ RunTime:0.002386s ]
[2019-11-11T13:19:47+08:00][sql] SHOW FULL COLUMNS FROM `teacher` [ RunTime:0.002254s ]
[2019-11-11T13:19:47+08:00][sql] SELECT * FROM `student` WHERE  `user_id` = '201730622101' LIMIT 1 [ RunTime:0.000903s ]
[2019-11-11T13:19:47+08:00][info] [ VIEW ] D:\phpstudy_pro\WWW\test\/vendor/liliuwei/thinkphp-jump/src/tpl/dispatch_jump.tpl [ array (
  0 => 'code',
  1 => 'msg',
  2 => 'data',
  3 => 'url',
  4 => 'wait',
) ]
[2019-11-11T13:20:13+08:00][sql] CONNECT:[ UseTime:0.002079s ] mysql:host=127.0.0.1;port=3306;dbname=test;charset=utf8
[2019-11-11T13:20:13+08:00][sql] SHOW FULL COLUMNS FROM `student` [ RunTime:0.002261s ]
[2019-11-11T13:20:13+08:00][sql] SHOW FULL COLUMNS FROM `teacher` [ RunTime:0.001842s ]
[2019-11-11T13:20:13+08:00][sql] SELECT * FROM `student` WHERE  `user_id` = '201730622101' LIMIT 1 [ RunTime:0.000978s ]
[2019-11-11T13:20:13+08:00][info] [ VIEW ] D:\phpstudy_pro\WWW\test\/vendor/liliuwei/thinkphp-jump/src/tpl/dispatch_jump.tpl [ array (
  0 => 'code',
  1 => 'msg',
  2 => 'data',
  3 => 'url',
  4 => 'wait',
) ]
[2019-11-11T13:20:14+08:00][info] [ VIEW ] D:\phpstudy_pro\WWW\test\app\index\view\container\index.html [ array (
) ]
[2019-11-11T13:20:28+08:00][sql] CONNECT:[ UseTime:0.001746s ] mysql:host=127.0.0.1;port=3306;dbname=test;charset=utf8
[2019-11-11T13:20:28+08:00][sql] SHOW FULL COLUMNS FROM `student` [ RunTime:0.001892s ]
[2019-11-11T13:20:28+08:00][sql] SHOW FULL COLUMNS FROM `teacher` [ RunTime:0.001862s ]
[2019-11-11T13:20:28+08:00][sql] SELECT * FROM `student` WHERE  `user_id` = '201730622101' LIMIT 1 [ RunTime:0.000806s ]
[2019-11-11T13:20:28+08:00][info] [ VIEW ] D:\phpstudy_pro\WWW\test\/vendor/liliuwei/thinkphp-jump/src/tpl/dispatch_jump.tpl [ array (
  0 => 'code',
  1 => 'msg',
  2 => 'data',
  3 => 'url',
  4 => 'wait',
) ]
[2019-11-11T13:20:29+08:00][info] [ VIEW ] D:\phpstudy_pro\WWW\test\app\index\view\container\index.html [ array (
) ]
[2019-11-11T13:20:43+08:00][sql] CONNECT:[ UseTime:0.001888s ] mysql:host=127.0.0.1;port=3306;dbname=test;charset=utf8
[2019-11-11T13:20:43+08:00][sql] SHOW FULL COLUMNS FROM `student` [ RunTime:0.002337s ]
[2019-11-11T13:20:43+08:00][sql] SHOW FULL COLUMNS FROM `teacher` [ RunTime:0.001830s ]
[2019-11-11T13:20:43+08:00][sql] SELECT * FROM `student` WHERE  `user_id` = '201730622101' LIMIT 1 [ RunTime:0.000805s ]
[2019-11-11T13:20:43+08:00][info] [ VIEW ] D:\phpstudy_pro\WWW\test\/vendor/liliuwei/thinkphp-jump/src/tpl/dispatch_jump.tpl [ array (
  0 => 'code',
  1 => 'msg',
  2 => 'data',
  3 => 'url',
  4 => 'wait',
) ]
[2019-11-11T13:20:44+08:00][info] [ VIEW ] D:\phpstudy_pro\WWW\test\app\index\view\container\index.html [ array (
) ]
[2019-11-11T13:21:03+08:00][error] [0]è¯­æ³•é”™è¯¯: unexpected ','[D:\phpstudy_pro\WWW\test\app\index\controller\Index.php:29]
[2019-11-11T13:21:15+08:00][info] [ VIEW ] D:\phpstudy_pro\WWW\test\app\index\view\index\index.html [ array (
) ]
[2019-11-11T13:21:16+08:00][sql] CONNECT:[ UseTime:0.002072s ] mysql:host=127.0.0.1;port=3306;dbname=test;charset=utf8
[2019-11-11T13:21:16+08:00][sql] SHOW FULL COLUMNS FROM `student` [ RunTime:0.001857s ]
[2019-11-11T13:21:16+08:00][sql] SHOW FULL COLUMNS FROM `teacher` [ RunTime:0.001544s ]
[2019-11-11T13:21:26+08:00][sql] CONNECT:[ UseTime:0.001943s ] mysql:host=127.0.0.1;port=3306;dbname=test;charset=utf8
[2019-11-11T13:21:26+08:00][sql] SHOW FULL COLUMNS FROM `student` [ RunTime:0.001788s ]
[2019-11-11T13:21:26+08:00][sql] SHOW FULL COLUMNS FROM `teacher` [ RunTime:0.001822s ]
[2019-11-11T13:21:26+08:00][sql] SELECT * FROM `student` WHERE  `user_id` = '201730622101' LIMIT 1 [ RunTime:0.000844s ]
[2019-11-11T13:21:26+08:00][error] [0]Argument 4 passed to app\index\controller\Index::success() must be of the type int, string given, called in D:\phpstudy_pro\WWW\test\app\index\controller\Index.php on line 29[D:\phpstudy_pro\WWW\test\vendor\liliuwei\thinkphp-jump\src\Jump.php:29]
[2019-11-11T13:22:50+08:00][sql] CONNECT:[ UseTime:0.001967s ] mysql:host=127.0.0.1;port=3306;dbname=test;charset=utf8
[2019-11-11T13:22:50+08:00][sql] SHOW FULL COLUMNS FROM `student` [ RunTime:0.001716s ]
[2019-11-11T13:22:50+08:00][sql] SHOW FULL COLUMNS FROM `teacher` [ RunTime:0.002046s ]
[2019-11-11T13:22:50+08:00][sql] SELECT * FROM `student` WHERE  `user_id` = '201730622101' LIMIT 1 [ RunTime:0.000998s ]
[2019-11-11T13:22:50+08:00][info] [ VIEW ] D:\phpstudy_pro\WWW\test\/vendor/liliuwei/thinkphp-jump/src/tpl/dispatch_jump.tpl [ array (
  0 => 'code',
  1 => 'msg',
  2 => 'data',
  3 => 'url',
  4 => 'wait',
) ]
[2019-11-11T13:22:52+08:00][info] [ VIEW ] D:\phpstudy_pro\WWW\test\app\index\view\container\index.html [ array (
) ]
[2019-11-11T13:22:57+08:00][sql] CONNECT:[ UseTime:0.002516s ] mysql:host=127.0.0.1;port=3306;dbname=test;charset=utf8
[2019-11-11T13:22:57+08:00][sql] SHOW FULL COLUMNS FROM `student` [ RunTime:0.001805s ]
[2019-11-11T13:22:57+08:00][sql] SHOW FULL COLUMNS FROM `teacher` [ RunTime:0.001695s ]
[2019-11-11T13:22:57+08:00][sql] SELECT * FROM `student` WHERE  `user_id` = '201730622101' LIMIT 1 [ RunTime:0.000748s ]
[2019-11-11T13:22:57+08:00][info] [ VIEW ] D:\phpstudy_pro\WWW\test\/vendor/liliuwei/thinkphp-jump/src/tpl/dispatch_jump.tpl [ array (
  0 => 'code',
  1 => 'msg',
  2 => 'data',
  3 => 'url',
  4 => 'wait',
) ]
[2019-11-11T13:22:58+08:00][info] [ VIEW ] D:\phpstudy_pro\WWW\test\app\index\view\container\index.html [ array (
) ]
[2019-11-11T13:23:21+08:00][info] [ VIEW ] D:\phpstudy_pro\WWW\test\app\index\view\container\index.html [ array (
) ]
[2019-11-11T13:23:21+08:00][error] [8]æœªå®šä¹‰å˜é‡: res[D:\phpstudy_pro\WWW\test\runtime\index\temp\b5f9245bd5d783a99d3efc7badc42728.php:11]
[2019-11-11T13:23:29+08:00][sql] CONNECT:[ UseTime:0.002355s ] mysql:host=127.0.0.1;port=3306;dbname=test;charset=utf8
[2019-11-11T13:23:29+08:00][sql] SHOW FULL COLUMNS FROM `student` [ RunTime:0.001771s ]
[2019-11-11T13:23:29+08:00][sql] SHOW FULL COLUMNS FROM `teacher` [ RunTime:0.001894s ]
[2019-11-11T13:23:29+08:00][sql] SELECT * FROM `student` WHERE  `user_id` = '201730622101' LIMIT 1 [ RunTime:0.000782s ]
[2019-11-11T13:23:29+08:00][info] [ VIEW ] D:\phpstudy_pro\WWW\test\/vendor/liliuwei/thinkphp-jump/src/tpl/dispatch_jump.tpl [ array (
  0 => 'code',
  1 => 'msg',
  2 => 'data',
  3 => 'url',
  4 => 'wait',
) ]
[2019-11-11T13:23:30+08:00][info] [ VIEW ] D:\phpstudy_pro\WWW\test\app\index\view\container\index.html [ array (
) ]
[2019-11-11T13:23:30+08:00][error] [2]Use of undefined constant name - assumed 'name' (this will throw an Error in a future version of PHP)[D:\phpstudy_pro\WWW\test\runtime\index\temp\b5f9245bd5d783a99d3efc7badc42728.php:11]
[2019-11-11T13:23:38+08:00][info] [ VIEW ] D:\phpstudy_pro\WWW\test\app\index\view\container\index.html [ array (
) ]
[2019-11-11T13:23:40+08:00][sql] CONNECT:[ UseTime:0.002163s ] mysql:host=127.0.0.1;port=3306;dbname=test;charset=utf8
[2019-11-11T13:23:40+08:00][sql] SHOW FULL COLUMNS FROM `student` [ RunTime:0.001703s ]
[2019-11-11T13:23:40+08:00][sql] SHOW FULL COLUMNS FROM `teacher` [ RunTime:0.001608s ]
[2019-11-11T13:23:40+08:00][sql] SELECT * FROM `student` WHERE  `user_id` = '201730622101' LIMIT 1 [ RunTime:0.000808s ]
[2019-11-11T13:23:40+08:00][info] [ VIEW ] D:\phpstudy_pro\WWW\test\/vendor/liliuwei/thinkphp-jump/src/tpl/dispatch_jump.tpl [ array (
  0 => 'code',
  1 => 'msg',
  2 => 'data',
  3 => 'url',
  4 => 'wait',
) ]
[2019-11-11T13:23:41+08:00][info] [ VIEW ] D:\phpstudy_pro\WWW\test\app\index\view\container\index.html [ array (
) ]
[2019-11-11T13:25:19+08:00][sql] CONNECT:[ UseTime:0.002094s ] mysql:host=127.0.0.1;port=3306;dbname=test;charset=utf8
[2019-11-11T13:25:19+08:00][sql] SHOW FULL COLUMNS FROM `student` [ RunTime:0.002117s ]
[2019-11-11T13:25:19+08:00][sql] SHOW FULL COLUMNS FROM `teacher` [ RunTime:0.001680s ]
[2019-11-11T13:25:19+08:00][sql] SELECT * FROM `student` WHERE  `user_id` = '201730622101' LIMIT 1 [ RunTime:0.000858s ]
[2019-11-11T13:25:20+08:00][info] [ VIEW ] D:\phpstudy_pro\WWW\test\app\index\view\index\index.html [ array (
) ]
[2019-11-11T13:25:32+08:00][sql] CONNECT:[ UseTime:0.002213s ] mysql:host=127.0.0.1;port=3306;dbname=test;charset=utf8
[2019-11-11T13:25:32+08:00][sql] SHOW FULL COLUMNS FROM `student` [ RunTime:0.001863s ]
[2019-11-11T13:25:32+08:00][sql] SHOW FULL COLUMNS FROM `teacher` [ RunTime:0.001730s ]
[2019-11-11T13:25:39+08:00][sql] CONNECT:[ UseTime:0.001909s ] mysql:host=127.0.0.1;port=3306;dbname=test;charset=utf8
[2019-11-11T13:25:39+08:00][sql] SHOW FULL COLUMNS FROM `student` [ RunTime:0.001791s ]
[2019-11-11T13:25:39+08:00][sql] SHOW FULL COLUMNS FROM `teacher` [ RunTime:0.001860s ]
[2019-11-11T13:25:39+08:00][sql] SELECT * FROM `student` WHERE  `user_id` = '201730622101' LIMIT 1 [ RunTime:0.001421s ]
[2019-11-11T13:25:58+08:00][sql] CONNECT:[ UseTime:0.002071s ] mysql:host=127.0.0.1;port=3306;dbname=test;charset=utf8
[2019-11-11T13:25:58+08:00][sql] SHOW FULL COLUMNS FROM `student` [ RunTime:0.001798s ]
[2019-11-11T13:25:58+08:00][sql] SHOW FULL COLUMNS FROM `teacher` [ RunTime:0.001724s ]
[2019-11-11T13:25:58+08:00][sql] SELECT * FROM `student` WHERE  `user_id` = '201730622101' LIMIT 1 [ RunTime:0.000871s ]
[2019-11-11T13:25:58+08:00][info] [ VIEW ] D:\phpstudy_pro\WWW\test\app\index\view\container\index.html [ array (
) ]
[2019-11-11T13:26:00+08:00][sql] CONNECT:[ UseTime:0.001953s ] mysql:host=127.0.0.1;port=3306;dbname=test;charset=utf8
[2019-11-11T13:26:00+08:00][sql] SHOW FULL COLUMNS FROM `student` [ RunTime:0.001911s ]
[2019-11-11T13:26:00+08:00][sql] SHOW FULL COLUMNS FROM `teacher` [ RunTime:0.001605s ]
[2019-11-11T13:26:00+08:00][sql] SELECT * FROM `student` WHERE  `user_id` = '201730622101' LIMIT 1 [ RunTime:0.000737s ]
[2019-11-11T13:26:01+08:00][info] [ VIEW ] D:\phpstudy_pro\WWW\test\app\index\view\container\index.html [ array (
) ]
[2019-11-11T13:26:24+08:00][info] [ VIEW ] D:\phpstudy_pro\WWW\test\app\index\view\index\index.html [ array (
) ]
[2019-11-11T13:26:28+08:00][sql] CONNECT:[ UseTime:0.002026s ] mysql:host=127.0.0.1;port=3306;dbname=test;charset=utf8
[2019-11-11T13:26:28+08:00][sql] SHOW FULL COLUMNS FROM `student` [ RunTime:0.001917s ]
[2019-11-11T13:26:28+08:00][sql] SHOW FULL COLUMNS FROM `teacher` [ RunTime:0.001897s ]
[2019-11-11T13:26:28+08:00][sql] SELECT * FROM `student` WHERE  `user_id` = 'redirect' LIMIT 1 [ RunTime:0.000775s ]
[2019-11-11T13:26:36+08:00][sql] CONNECT:[ UseTime:0.001767s ] mysql:host=127.0.0.1;port=3306;dbname=test;charset=utf8
[2019-11-11T13:26:36+08:00][sql] SHOW FULL COLUMNS FROM `student` [ RunTime:0.001900s ]
[2019-11-11T13:26:36+08:00][sql] SHOW FULL COLUMNS FROM `teacher` [ RunTime:0.001584s ]
[2019-11-11T13:26:36+08:00][sql] SELECT * FROM `student` WHERE  `user_id` = '201730622101' LIMIT 1 [ RunTime:0.000684s ]
[2019-11-11T13:26:37+08:00][info] [ VIEW ] D:\phpstudy_pro\WWW\test\app\index\view\container\index.html [ array (
) ]
[2019-11-11T13:27:06+08:00][info] [ VIEW ] D:\phpstudy_pro\WWW\test\app\index\view\container\index.html [ array (
) ]
[2019-11-11T13:27:09+08:00][sql] CONNECT:[ UseTime:0.002591s ] mysql:host=127.0.0.1;port=3306;dbname=test;charset=utf8
[2019-11-11T13:27:09+08:00][sql] SHOW FULL COLUMNS FROM `student` [ RunTime:0.001734s ]
[2019-11-11T13:27:09+08:00][sql] SHOW FULL COLUMNS FROM `teacher` [ RunTime:0.001685s ]
[2019-11-11T13:27:09+08:00][sql] SELECT * FROM `student` WHERE  `user_id` = '201730622101' LIMIT 1 [ RunTime:0.000755s ]
[2019-11-11T13:27:09+08:00][info] [ VIEW ] D:\phpstudy_pro\WWW\test\app\index\view\container\index.html [ array (
) ]
[2019-11-11T13:27:25+08:00][sql] CONNECT:[ UseTime:0.001894s ] mysql:host=127.0.0.1;port=3306;dbname=test;charset=utf8
[2019-11-11T13:27:25+08:00][sql] SHOW FULL COLUMNS FROM `student` [ RunTime:0.001805s ]
[2019-11-11T13:27:25+08:00][sql] SHOW FULL COLUMNS FROM `teacher` [ RunTime:0.001652s ]
[2019-11-11T13:27:25+08:00][sql] SELECT * FROM `student` WHERE  `user_id` = '201730622101' LIMIT 1 [ RunTime:0.000799s ]
[2019-11-11T13:27:26+08:00][info] [ VIEW ] D:\phpstudy_pro\WWW\test\app\index\view\container\index.html [ array (
) ]
[2019-11-11T13:27:43+08:00][sql] CONNECT:[ UseTime:0.002009s ] mysql:host=127.0.0.1;port=3306;dbname=test;charset=utf8
[2019-11-11T13:27:43+08:00][sql] SHOW FULL COLUMNS FROM `student` [ RunTime:0.001700s ]
[2019-11-11T13:27:43+08:00][sql] SHOW FULL COLUMNS FROM `teacher` [ RunTime:0.002138s ]
[2019-11-11T13:27:43+08:00][sql] SELECT * FROM `student` WHERE  `user_id` = '201730622101' LIMIT 1 [ RunTime:0.001073s ]
[2019-11-11T13:27:43+08:00][error] [2]Use of undefined constant name - assumed 'name' (this will throw an Error in a future version of PHP)[D:\phpstudy_pro\WWW\test\app\index\controller\Index.php:29]
[2019-11-11T13:27:47+08:00][sql] CONNECT:[ UseTime:0.001732s ] mysql:host=127.0.0.1;port=3306;dbname=test;charset=utf8
[2019-11-11T13:27:47+08:00][sql] SHOW FULL COLUMNS FROM `student` [ RunTime:0.002312s ]
[2019-11-11T13:27:47+08:00][sql] SHOW FULL COLUMNS FROM `teacher` [ RunTime:0.001613s ]
[2019-11-11T13:27:47+08:00][sql] SELECT * FROM `student` WHERE  `user_id` = '201730622101' LIMIT 1 [ RunTime:0.000655s ]
[2019-11-11T13:27:47+08:00][error] [2]Use of undefined constant name - assumed 'name' (this will throw an Error in a future version of PHP)[D:\phpstudy_pro\WWW\test\app\index\controller\Index.php:29]
[2019-11-11T13:28:08+08:00][sql] CONNECT:[ UseTime:0.002107s ] mysql:host=127.0.0.1;port=3306;dbname=test;charset=utf8
[2019-11-11T13:28:08+08:00][sql] SHOW FULL COLUMNS FROM `student` [ RunTime:0.002029s ]
[2019-11-11T13:28:08+08:00][sql] SHOW FULL COLUMNS FROM `teacher` [ RunTime:0.001745s ]
[2019-11-11T13:28:08+08:00][sql] SELECT * FROM `student` WHERE  `user_id` = '201730622101' LIMIT 1 [ RunTime:0.000843s ]
[2019-11-11T13:28:08+08:00][info] [ VIEW ] D:\phpstudy_pro\WWW\test\app\index\view\container\index.html [ array (
) ]
[2019-11-11T13:30:30+08:00][info] [ VIEW ] D:\phpstudy_pro\WWW\test\app\index\view\index\index.html [ array (
) ]
[2019-11-11T13:30:30+08:00][sql] CONNECT:[ UseTime:0.002000s ] mysql:host=127.0.0.1;port=3306;dbname=test;charset=utf8
[2019-11-11T13:30:30+08:00][sql] SHOW FULL COLUMNS FROM `student` [ RunTime:0.001949s ]
[2019-11-11T13:30:30+08:00][sql] SHOW FULL COLUMNS FROM `teacher` [ RunTime:0.001676s ]
[2019-11-11T13:30:40+08:00][sql] CONNECT:[ UseTime:0.002188s ] mysql:host=127.0.0.1;port=3306;dbname=test;charset=utf8
[2019-11-11T13:30:40+08:00][sql] SHOW FULL COLUMNS FROM `student` [ RunTime:0.001688s ]
[2019-11-11T13:30:40+08:00][sql] SHOW FULL COLUMNS FROM `teacher` [ RunTime:0.001597s ]
[2019-11-11T13:30:40+08:00][sql] SELECT * FROM `student` WHERE  `user_id` = '201730622101' LIMIT 1 [ RunTime:0.001142s ]
[2019-11-11T13:30:41+08:00][info] [ VIEW ] D:\phpstudy_pro\WWW\test\app\index\view\container\index.html [ array (
) ]
[2019-11-11T13:31:20+08:00][sql] CONNECT:[ UseTime:0.002038s ] mysql:host=127.0.0.1;port=3306;dbname=test;charset=utf8
[2019-11-11T13:31:20+08:00][sql] SHOW FULL COLUMNS FROM `student` [ RunTime:0.002093s ]
[2019-11-11T13:31:20+08:00][sql] SHOW FULL COLUMNS FROM `teacher` [ RunTime:0.002326s ]
[2019-11-11T13:31:20+08:00][sql] SELECT * FROM `student` WHERE  `user_id` = '201730622101' LIMIT 1 [ RunTime:0.001036s ]
[2019-11-11T13:31:20+08:00][error] [2]Use of undefined constant name - assumed 'name' (this will throw an Error in a future version of PHP)[D:\phpstudy_pro\WWW\test\app\index\controller\Index.php:29]
[2019-11-11T13:31:39+08:00][sql] CONNECT:[ UseTime:0.001894s ] mysql:host=127.0.0.1;port=3306;dbname=test;charset=utf8
[2019-11-11T13:31:39+08:00][sql] SHOW FULL COLUMNS FROM `student` [ RunTime:0.001933s ]
[2019-11-11T13:31:39+08:00][sql] SHOW FULL COLUMNS FROM `teacher` [ RunTime:0.001702s ]
[2019-11-11T13:31:39+08:00][sql] SELECT * FROM `student` WHERE  `user_id` = '201730622101' LIMIT 1 [ RunTime:0.000827s ]
[2019-11-11T13:31:39+08:00][error] [2]Use of undefined constant name - assumed 'name' (this will throw an Error in a future version of PHP)[D:\phpstudy_pro\WWW\test\app\index\controller\Index.php:29]
[2019-11-11T13:31:50+08:00][sql] CONNECT:[ UseTime:0.002235s ] mysql:host=127.0.0.1;port=3306;dbname=test;charset=utf8
[2019-11-11T13:31:50+08:00][sql] SHOW FULL COLUMNS FROM `student` [ RunTime:0.002464s ]
[2019-11-11T13:31:50+08:00][sql] SHOW FULL COLUMNS FROM `teacher` [ RunTime:0.002468s ]
[2019-11-11T13:31:50+08:00][sql] SELECT * FROM `student` WHERE  `user_id` = '201730622101' LIMIT 1 [ RunTime:0.001090s ]
[2019-11-11T13:31:50+08:00][error] [0]Argument 1 passed to think\Response::code() must be of the type int, array given, called in D:\phpstudy_pro\WWW\test\vendor\liliuwei\thinkphp-jump\src\Jump.php on line 132[D:\phpstudy_pro\WWW\test\vendor\topthink\framework\src\think\Response.php:278]
[2019-11-11T13:31:52+08:00][sql] CONNECT:[ UseTime:0.001908s ] mysql:host=127.0.0.1;port=3306;dbname=test;charset=utf8
[2019-11-11T13:31:52+08:00][sql] SHOW FULL COLUMNS FROM `student` [ RunTime:0.001696s ]
[2019-11-11T13:31:52+08:00][sql] SHOW FULL COLUMNS FROM `teacher` [ RunTime:0.001819s ]
[2019-11-11T13:31:52+08:00][sql] SELECT * FROM `student` WHERE  `user_id` = '201730622101' LIMIT 1 [ RunTime:0.000675s ]
[2019-11-11T13:31:52+08:00][error] [0]Argument 1 passed to think\Response::code() must be of the type int, array given, called in D:\phpstudy_pro\WWW\test\vendor\liliuwei\thinkphp-jump\src\Jump.php on line 132[D:\phpstudy_pro\WWW\test\vendor\topthink\framework\src\think\Response.php:278]
[2019-11-11T13:32:03+08:00][sql] CONNECT:[ UseTime:0.002253s ] mysql:host=127.0.0.1;port=3306;dbname=test;charset=utf8
[2019-11-11T13:32:03+08:00][sql] SHOW FULL COLUMNS FROM `student` [ RunTime:0.001910s ]
[2019-11-11T13:32:03+08:00][sql] SHOW FULL COLUMNS FROM `teacher` [ RunTime:0.001698s ]
[2019-11-11T13:32:03+08:00][sql] SELECT * FROM `student` WHERE  `user_id` = '201730622101' LIMIT 1 [ RunTime:0.000736s ]
[2019-11-11T13:32:03+08:00][info] [ VIEW ] D:\phpstudy_pro\WWW\test\app\index\view\container\index.html [ array (
) ]
[2019-11-11T13:39:15+08:00][info] [ VIEW ] D:\phpstudy_pro\WWW\test\app\index\view\container\index.html [ array (
) ]
[2019-11-11T13:40:07+08:00][info] [ VIEW ] D:\phpstudy_pro\WWW\test\app\index\view\container\index.html [ array (
) ]
[2019-11-11T13:40:15+08:00][info] [ VIEW ] D:\phpstudy_pro\WWW\test\app\index\view\container\index.html [ array (
) ]
[2019-11-11T13:40:36+08:00][info] [ VIEW ] D:\phpstudy_pro\WWW\test\app\index\view\container\index.html [ array (
) ]
[2019-11-11T13:40:44+08:00][info] [ VIEW ] D:\phpstudy_pro\WWW\test\app\index\view\container\index.html [ array (
) ]
[2019-11-11T13:42:40+08:00][info] [ VIEW ] D:\phpstudy_pro\WWW\test\app\index\view\container\index.html [ array (
) ]
[2019-11-11T13:42:58+08:00][info] [ VIEW ] D:\phpstudy_pro\WWW\test\app\index\view\container\index.html [ array (
) ]
[2019-11-11T13:43:08+08:00][info] [ VIEW ] D:\phpstudy_pro\WWW\test\app\index\view\container\index.html [ array (
) ]
[2019-11-11T13:43:32+08:00][info] [ VIEW ] D:\phpstudy_pro\WWW\test\app\index\view\container\index.html [ array (
) ]
[2019-11-11T13:43:53+08:00][info] [ VIEW ] D:\phpstudy_pro\WWW\test\app\index\view\container\index.html [ array (
) ]
[2019-11-11T19:38:31+08:00][info] [ VIEW ] D:\phpstudy_pro\WWW\test\app\index\view\index\index.html [ array (
) ]
[2019-11-11T19:38:37+08:00][error] [2002]SQLSTATE[HY000] [2002] ÓÉÓÚÄ¿±ê¼ÆËã»ú»ý¼«¾Ü¾ø£¬ÎÞ·¨Á¬½Ó¡£
[D:\phpstudy_pro\WWW\test\vendor\topthink\think-orm\src\db\PDOConnection.php:548]
[2019-11-11T19:40:06+08:00][info] [ VIEW ] D:\phpstudy_pro\WWW\test\app\index\view\index\index.html [ array (
) ]
[2019-11-11T21:14:30+08:00][info] [ VIEW ] D:\phpstudy_pro\WWW\test\app\index\view\index\index.html [ array (
) ]
[2019-11-11T21:26:03+08:00][sql] CONNECT:[ UseTime:0.059570s ] mysql:host=127.0.0.1;port=3306;dbname=test;charset=utf8
[2019-11-11T21:26:03+08:00][sql] SHOW FULL COLUMNS FROM `student` [ RunTime:0.016836s ]
[2019-11-11T21:26:03+08:00][sql] SHOW FULL COLUMNS FROM `teacher` [ RunTime:0.002543s ]
[2019-11-11T21:26:03+08:00][sql] SELECT * FROM `student` WHERE  `user_id` = '201730622101' LIMIT 1 [ RunTime:0.009811s ]
[2019-11-11T21:26:04+08:00][info] [ VIEW ] D:\phpstudy_pro\WWW\test\app\index\view\container\index.html [ array (
) ]
[2019-11-11T21:27:12+08:00][info] [ VIEW ] D:\phpstudy_pro\WWW\test\app\index\view\container\index.html [ array (
) ]
[2019-11-11T21:27:13+08:00][info] [ VIEW ] D:\phpstudy_pro\WWW\test\app\index\view\container\index.html [ array (
) ]
[2019-11-11T21:27:25+08:00][info] [ VIEW ] D:\phpstudy_pro\WWW\test\app\index\view\container\index.html [ array (
) ]
[2019-11-11T21:27:27+08:00][info] [ VIEW ] D:\phpstudy_pro\WWW\test\app\index\view\container\index.html [ array (
) ]
[2019-11-11T21:30:17+08:00][info] [ VIEW ] D:\phpstudy_pro\WWW\test\app\index\view\container\index.html [ array (
) ]
[2019-11-11T21:30:17+08:00][error] [2]Use of undefined constant index - assumed 'index' (this will throw an Error in a future version of PHP)[D:\phpstudy_pro\WWW\test\runtime\index\temp\b5f9245bd5d783a99d3efc7badc42728.php:16]
[2019-11-11T21:30:40+08:00][info] [ VIEW ] D:\phpstudy_pro\WWW\test\app\index\view\container\index.html [ array (
) ]
[2019-11-11T21:31:15+08:00][info] [ VIEW ] D:\phpstudy_pro\WWW\test\app\index\view\container\index.html [ array (
) ]
[2019-11-11T21:31:22+08:00][info] [ VIEW ] D:\phpstudy_pro\WWW\test\app\index\view\container\index.html [ array (
) ]
[2019-11-11T21:31:24+08:00][info] [ VIEW ] D:\phpstudy_pro\WWW\test\app\index\view\container\index.html [ array (
) ]
[2019-11-11T21:31:43+08:00][info] [ VIEW ] D:\phpstudy_pro\WWW\test\app\index\view\container\index.html [ array (
) ]
[2019-11-11T21:31:49+08:00][info] [ VIEW ] D:\phpstudy_pro\WWW\test\app\index\view\container\index.html [ array (
) ]
[2019-11-11T21:32:43+08:00][info] [ VIEW ] D:\phpstudy_pro\WWW\test\app\index\view\container\index.html [ array (
) ]
[2019-11-11T21:33:03+08:00][info] [ VIEW ] D:\phpstudy_pro\WWW\test\app\index\view\container\index.html [ array (
) ]
[2019-11-11T21:33:14+08:00][info] [ VIEW ] D:\phpstudy_pro\WWW\test\app\index\view\container\index.html [ array (
) ]
[2019-11-11T21:33:59+08:00][info] [ VIEW ] D:\phpstudy_pro\WWW\test\app\index\view\container\index.html [ array (
) ]
[2019-11-11T21:34:13+08:00][info] [ VIEW ] D:\phpstudy_pro\WWW\test\app\index\view\container\index.html [ array (
) ]
[2019-11-11T21:34:23+08:00][info] [ VIEW ] D:\phpstudy_pro\WWW\test\app\index\view\container\index.html [ array (
) ]
[2019-11-11T21:34:31+08:00][info] [ VIEW ] D:\phpstudy_pro\WWW\test\app\index\view\container\index.html [ array (
) ]
[2019-11-11T21:35:00+08:00][info] [ VIEW ] D:\phpstudy_pro\WWW\test\app\index\view\container\index.html [ array (
) ]
[2019-11-11T21:35:17+08:00][info] [ VIEW ] D:\phpstudy_pro\WWW\test\app\index\view\container\index.html [ array (
) ]
[2019-11-11T21:35:17+08:00][info] [ VIEW ] D:\phpstudy_pro\WWW\test\app\index\view\container\main.html [ array (
) ]
[2019-11-11T21:35:51+08:00][info] [ VIEW ] D:\phpstudy_pro\WWW\test\app\index\view\container\index.html [ array (
) ]
[2019-11-11T21:35:51+08:00][info] [ VIEW ] D:\phpstudy_pro\WWW\test\app\index\view\container\main.html [ array (
) ]
[2019-11-11T21:36:05+08:00][info] [ VIEW ] D:\phpstudy_pro\WWW\test\app\index\view\container\index.html [ array (
) ]
[2019-11-11T21:36:05+08:00][info] [ VIEW ] D:\phpstudy_pro\WWW\test\app\index\view\container\main.html [ array (
) ]
[2019-11-11T21:36:10+08:00][info] [ VIEW ] D:\phpstudy_pro\WWW\test\app\index\view\container\index.html [ array (
) ]
[2019-11-11T21:36:10+08:00][info] [ VIEW ] D:\phpstudy_pro\WWW\test\app\index\view\container\main.html [ array (
) ]
[2019-11-11T21:36:18+08:00][info] [ VIEW ] D:\phpstudy_pro\WWW\test\app\index\view\container\index.html [ array (
) ]
[2019-11-11T21:36:18+08:00][info] [ VIEW ] D:\phpstudy_pro\WWW\test\app\index\view\container\main.html [ array (
) ]
[2019-11-11T21:39:06+08:00][info] [ VIEW ] D:\phpstudy_pro\WWW\test\app\index\view\container\index.html [ array (
) ]
[2019-11-11T21:39:06+08:00][info] [ VIEW ] D:\phpstudy_pro\WWW\test\app\index\view\container\main.html [ array (
) ]
[2019-11-11T21:40:26+08:00][info] [ VIEW ] D:\phpstudy_pro\WWW\test\app\index\view\container\index.html [ array (
) ]
[2019-11-11T21:40:26+08:00][info] [ VIEW ] D:\phpstudy_pro\WWW\test\app\index\view\container\main.html [ array (
) ]
[2019-11-11T21:40:40+08:00][info] [ VIEW ] D:\phpstudy_pro\WWW\test\app\index\view\container\index.html [ array (
) ]
[2019-11-11T21:40:41+08:00][info] [ VIEW ] D:\phpstudy_pro\WWW\test\app\index\view\container\main.html [ array (
) ]
[2019-11-11T21:41:05+08:00][info] [ VIEW ] D:\phpstudy_pro\WWW\test\app\index\view\container\index.html [ array (
) ]
[2019-11-11T21:41:05+08:00][info] [ VIEW ] D:\phpstudy_pro\WWW\test\app\index\view\container\main.html [ array (
) ]
[2019-11-11T21:41:44+08:00][info] [ VIEW ] D:\phpstudy_pro\WWW\test\app\index\view\container\index.html [ array (
) ]
[2019-11-11T21:41:44+08:00][info] [ VIEW ] D:\phpstudy_pro\WWW\test\app\index\view\container\main.html [ array (
) ]
[2019-11-11T21:42:04+08:00][info] [ VIEW ] D:\phpstudy_pro\WWW\test\app\index\view\container\index.html [ array (
) ]
[2019-11-11T21:42:04+08:00][info] [ VIEW ] D:\phpstudy_pro\WWW\test\app\index\view\container\main.html [ array (
) ]
[2019-11-11T21:42:17+08:00][info] [ VIEW ] D:\phpstudy_pro\WWW\test\app\index\view\container\index.html [ array (
) ]
[2019-11-11T21:42:17+08:00][info] [ VIEW ] D:\phpstudy_pro\WWW\test\app\index\view\container\main.html [ array (
) ]
[2019-11-11T21:42:42+08:00][info] [ VIEW ] D:\phpstudy_pro\WWW\test\app\index\view\container\index.html [ array (
) ]
[2019-11-11T21:42:42+08:00][info] [ VIEW ] D:\phpstudy_pro\WWW\test\app\index\view\container\main.html [ array (
) ]
[2019-11-11T21:43:49+08:00][info] [ VIEW ] D:\phpstudy_pro\WWW\test\app\index\view\container\index.html [ array (
) ]
[2019-11-11T21:43:49+08:00][info] [ VIEW ] D:\phpstudy_pro\WWW\test\app\index\view\container\main.html [ array (
) ]
[2019-11-11T21:44:27+08:00][info] [ VIEW ] D:\phpstudy_pro\WWW\test\app\index\view\container\index.html [ array (
) ]
[2019-11-11T21:44:27+08:00][info] [ VIEW ] D:\phpstudy_pro\WWW\test\app\index\view\container\main.html [ array (
) ]
[2019-11-11T21:44:42+08:00][info] [ VIEW ] D:\phpstudy_pro\WWW\test\app\index\view\container\index.html [ array (
) ]
[2019-11-11T21:44:43+08:00][info] [ VIEW ] D:\phpstudy_pro\WWW\test\app\index\view\container\main.html [ array (
) ]
[2019-11-11T21:45:03+08:00][info] [ VIEW ] D:\phpstudy_pro\WWW\test\app\index\view\container\index.html [ array (
) ]
[2019-11-11T21:45:03+08:00][info] [ VIEW ] D:\phpstudy_pro\WWW\test\app\index\view\container\main.html [ array (
) ]
[2019-11-11T21:45:14+08:00][info] [ VIEW ] D:\phpstudy_pro\WWW\test\app\index\view\container\index.html [ array (
) ]
[2019-11-11T21:45:14+08:00][info] [ VIEW ] D:\phpstudy_pro\WWW\test\app\index\view\container\main.html [ array (
) ]
[2019-11-11T21:45:23+08:00][info] [ VIEW ] D:\phpstudy_pro\WWW\test\app\index\view\container\index.html [ array (
) ]
[2019-11-11T21:45:23+08:00][info] [ VIEW ] D:\phpstudy_pro\WWW\test\app\index\view\container\main.html [ array (
) ]
[2019-11-11T21:46:09+08:00][info] [ VIEW ] D:\phpstudy_pro\WWW\test\app\index\view\container\index.html [ array (
) ]
[2019-11-11T21:46:10+08:00][info] [ VIEW ] D:\phpstudy_pro\WWW\test\app\index\view\container\main.html [ array (
) ]
[2019-11-11T21:48:11+08:00][info] [ VIEW ] D:\phpstudy_pro\WWW\test\app\index\view\container\index.html [ array (
) ]
[2019-11-11T21:48:12+08:00][info] [ VIEW ] D:\phpstudy_pro\WWW\test\app\index\view\container\main.html [ array (
) ]
[2019-11-11T21:48:29+08:00][info] [ VIEW ] D:\phpstudy_pro\WWW\test\app\index\view\container\index.html [ array (
) ]
[2019-11-11T21:48:29+08:00][info] [ VIEW ] D:\phpstudy_pro\WWW\test\app\index\view\container\main.html [ array (
) ]
[2019-11-11T21:48:50+08:00][info] [ VIEW ] D:\phpstudy_pro\WWW\test\app\index\view\container\index.html [ array (
) ]
[2019-11-11T21:48:51+08:00][info] [ VIEW ] D:\phpstudy_pro\WWW\test\app\index\view\container\main.html [ array (
) ]
[2019-11-11T21:49:10+08:00][info] [ VIEW ] D:\phpstudy_pro\WWW\test\app\index\view\container\index.html [ array (
) ]
[2019-11-11T21:49:10+08:00][info] [ VIEW ] D:\phpstudy_pro\WWW\test\app\index\view\container\main.html [ array (
) ]
[2019-11-11T21:49:21+08:00][info] [ VIEW ] D:\phpstudy_pro\WWW\test\app\index\view\container\index.html [ array (
) ]
[2019-11-11T21:49:21+08:00][info] [ VIEW ] D:\phpstudy_pro\WWW\test\app\index\view\container\main.html [ array (
) ]
[2019-11-11T21:49:31+08:00][info] [ VIEW ] D:\phpstudy_pro\WWW\test\app\index\view\container\index.html [ array (
) ]
[2019-11-11T21:49:31+08:00][info] [ VIEW ] D:\phpstudy_pro\WWW\test\app\index\view\container\main.html [ array (
) ]
[2019-11-11T21:49:42+08:00][info] [ VIEW ] D:\phpstudy_pro\WWW\test\app\index\view\container\index.html [ array (
) ]
[2019-11-11T21:49:42+08:00][info] [ VIEW ] D:\phpstudy_pro\WWW\test\app\index\view\container\main.html [ array (
) ]
[2019-11-11T21:49:45+08:00][info] [ VIEW ] D:\phpstudy_pro\WWW\test\app\index\view\container\index.html [ array (
) ]
[2019-11-11T21:49:45+08:00][info] [ VIEW ] D:\phpstudy_pro\WWW\test\app\index\view\container\main.html [ array (
) ]
[2019-11-11T21:49:52+08:00][info] [ VIEW ] D:\phpstudy_pro\WWW\test\app\index\view\container\index.html [ array (
) ]
[2019-11-11T21:49:52+08:00][info] [ VIEW ] D:\phpstudy_pro\WWW\test\app\index\view\container\main.html [ array (
) ]
[2019-11-11T21:50:00+08:00][info] [ VIEW ] D:\phpstudy_pro\WWW\test\app\index\view\container\index.html [ array (
) ]
[2019-11-11T21:50:01+08:00][info] [ VIEW ] D:\phpstudy_pro\WWW\test\app\index\view\container\main.html [ array (
) ]
[2019-11-11T21:51:00+08:00][info] [ VIEW ] D:\phpstudy_pro\WWW\test\app\index\view\container\index.html [ array (
) ]
[2019-11-11T21:51:00+08:00][info] [ VIEW ] D:\phpstudy_pro\WWW\test\app\index\view\container\main.html [ array (
) ]
[2019-11-11T21:51:04+08:00][info] [ VIEW ] D:\phpstudy_pro\WWW\test\app\index\view\container\index.html [ array (
) ]
[2019-11-11T21:51:04+08:00][info] [ VIEW ] D:\phpstudy_pro\WWW\test\app\index\view\container\main.html [ array (
) ]
[2019-11-11T21:51:11+08:00][info] [ VIEW ] D:\phpstudy_pro\WWW\test\app\index\view\container\index.html [ array (
) ]
[2019-11-11T21:51:11+08:00][info] [ VIEW ] D:\phpstudy_pro\WWW\test\app\index\view\container\main.html [ array (
) ]
[2019-11-11T21:51:31+08:00][info] [ VIEW ] D:\phpstudy_pro\WWW\test\app\index\view\container\index.html [ array (
) ]
[2019-11-11T21:51:31+08:00][info] [ VIEW ] D:\phpstudy_pro\WWW\test\app\index\view\container\main.html [ array (
) ]
[2019-11-11T21:51:47+08:00][info] [ VIEW ] D:\phpstudy_pro\WWW\test\app\index\view\container\index.html [ array (
) ]
[2019-11-11T21:51:47+08:00][info] [ VIEW ] D:\phpstudy_pro\WWW\test\app\index\view\container\main.html [ array (
) ]
[2019-11-11T21:51:50+08:00][info] [ VIEW ] D:\phpstudy_pro\WWW\test\app\index\view\container\index.html [ array (
) ]
[2019-11-11T21:51:51+08:00][info] [ VIEW ] D:\phpstudy_pro\WWW\test\app\index\view\container\main.html [ array (
) ]
[2019-11-11T21:51:59+08:00][info] [ VIEW ] D:\phpstudy_pro\WWW\test\app\index\view\container\index.html [ array (
) ]
[2019-11-11T21:51:59+08:00][info] [ VIEW ] D:\phpstudy_pro\WWW\test\app\index\view\container\main.html [ array (
) ]
[2019-11-11T21:52:25+08:00][info] [ VIEW ] D:\phpstudy_pro\WWW\test\app\index\view\container\index.html [ array (
) ]
[2019-11-11T21:52:25+08:00][info] [ VIEW ] D:\phpstudy_pro\WWW\test\app\index\view\container\main.html [ array (
) ]
[2019-11-11T21:52:31+08:00][info] [ VIEW ] D:\phpstudy_pro\WWW\test\app\index\view\container\index.html [ array (
) ]
[2019-11-11T21:52:31+08:00][info] [ VIEW ] D:\phpstudy_pro\WWW\test\app\index\view\container\main.html [ array (
) ]
[2019-11-11T21:52:37+08:00][info] [ VIEW ] D:\phpstudy_pro\WWW\test\app\index\view\container\index.html [ array (
) ]
[2019-11-11T21:52:38+08:00][info] [ VIEW ] D:\phpstudy_pro\WWW\test\app\index\view\container\main.html [ array (
) ]
[2019-11-11T22:00:32+08:00][info] [ VIEW ] D:\phpstudy_pro\WWW\test\app\index\view\container\index.html [ array (
) ]
[2019-11-11T22:00:32+08:00][info] [ VIEW ] D:\phpstudy_pro\WWW\test\app\index\view\container\person.html [ array (
) ]
[2019-11-11T22:00:33+08:00][info] [ VIEW ] D:\phpstudy_pro\WWW\test\app\index\view\container\person.html [ array (
) ]
[2019-11-11T22:01:13+08:00][info] [ VIEW ] D:\phpstudy_pro\WWW\test\app\index\view\container\index.html [ array (
) ]
[2019-11-11T22:01:13+08:00][info] [ VIEW ] D:\phpstudy_pro\WWW\test\app\index\view\container\person.html [ array (
) ]
[2019-11-11T22:01:14+08:00][info] [ VIEW ] D:\phpstudy_pro\WWW\test\app\index\view\container\person.html [ array (
) ]
[2019-11-11T22:01:15+08:00][info] [ VIEW ] D:\phpstudy_pro\WWW\test\app\index\view\container\person.html [ array (
) ]
[2019-11-11T22:01:17+08:00][info] [ VIEW ] D:\phpstudy_pro\WWW\test\app\index\view\container\person.html [ array (
) ]
[2019-11-11T22:06:17+08:00][info] [ VIEW ] D:\phpstudy_pro\WWW\test\app\index\view\container\index.html [ array (
) ]
[2019-11-11T22:06:18+08:00][info] [ VIEW ] D:\phpstudy_pro\WWW\test\app\index\view\container\person.html [ array (
) ]
[2019-11-11T22:13:40+08:00][info] [ VIEW ] D:\phpstudy_pro\WWW\test\app\index\view\container\index.html [ array (
) ]
[2019-11-11T22:13:40+08:00][sql] CONNECT:[ UseTime:0.002492s ] mysql:host=127.0.0.1;port=3306;dbname=test;charset=utf8
[2019-11-11T22:13:40+08:00][sql] SHOW FULL COLUMNS FROM `student` [ RunTime:0.004744s ]
[2019-11-11T22:13:40+08:00][error] [10500]method not exist:think\db\Query->fing[D:\phpstudy_pro\WWW\test\vendor\topthink\think-orm\src\db\BaseQuery.php:117]
[2019-11-11T22:16:47+08:00][info] [ VIEW ] D:\phpstudy_pro\WWW\test\app\index\view\container\index.html [ array (
) ]
[2019-11-11T22:16:47+08:00][sql] CONNECT:[ UseTime:0.005910s ] mysql:host=127.0.0.1;port=3306;dbname=test;charset=utf8
[2019-11-11T22:16:47+08:00][sql] SHOW FULL COLUMNS FROM `student` [ RunTime:0.051618s ]
[2019-11-11T22:16:47+08:00][sql] SELECT * FROM `student` WHERE  `Id` = 1 LIMIT 1 [ RunTime:0.019085s ]
[2019-11-11T22:16:47+08:00][info] [ VIEW ] D:\phpstudy_pro\WWW\test\app\index\view\container\person.html [ array (
  0 => 'student',
) ]
[2019-11-11T22:17:09+08:00][info] [ VIEW ] D:\phpstudy_pro\WWW\test\app\index\view\container\index.html [ array (
) ]
[2019-11-11T22:17:09+08:00][sql] CONNECT:[ UseTime:0.002013s ] mysql:host=127.0.0.1;port=3306;dbname=test;charset=utf8
[2019-11-11T22:17:09+08:00][sql] SHOW FULL COLUMNS FROM `student` [ RunTime:0.002309s ]
[2019-11-11T22:17:09+08:00][sql] SELECT * FROM `student` WHERE  `Id` = 1 LIMIT 1 [ RunTime:0.001307s ]
[2019-11-11T22:17:09+08:00][info] [ VIEW ] D:\phpstudy_pro\WWW\test\app\index\view\container\person.html [ array (
  0 => 'student',
) ]
[2019-11-11T23:13:20+08:00][error] [0]Class app\index\model\Student does not exist[D:\phpstudy_pro\WWW\test\vendor\topthink\framework\src\think\Container.php:442]
[2019-11-11T23:15:43+08:00][error] [0]Class app\index\model\Student does not exist[D:\phpstudy_pro\WWW\test\vendor\topthink\framework\src\think\Container.php:442]
[2019-11-11T23:16:32+08:00][error] [0]Class app\index\model\Student does not exist[D:\phpstudy_pro\WWW\test\vendor\topthink\framework\src\think\Container.php:442]
[2019-11-11T23:16:33+08:00][error] [0]Class app\index\model\Student does not exist[D:\phpstudy_pro\WWW\test\vendor\topthink\framework\src\think\Container.php:442]
[2019-11-11T23:16:34+08:00][error] [0]Class app\index\model\Student does not exist[D:\phpstudy_pro\WWW\test\vendor\topthink\framework\src\think\Container.php:442]
[2019-11-11T23:17:21+08:00][error] [0]Class app\index\model\Student does not exist[D:\phpstudy_pro\WWW\test\vendor\topthink\framework\src\think\Container.php:442]
[2019-11-11T23:17:22+08:00][error] [0]Class app\index\model\Student does not exist[D:\phpstudy_pro\WWW\test\vendor\topthink\framework\src\think\Container.php:442]
[2019-11-11T23:17:23+08:00][error] [0]Class app\index\model\Student does not exist[D:\phpstudy_pro\WWW\test\vendor\topthink\framework\src\think\Container.php:442]
[2019-11-11T23:17:34+08:00][error] [0]Class app\index\model\Student does not exist[D:\phpstudy_pro\WWW\test\vendor\topthink\framework\src\think\Container.php:442]
[2019-11-11T23:17:39+08:00][info] [ VIEW ] D:\phpstudy_pro\WWW\test\app\index\view\container\index.html [ array (
) ]
[2019-11-11T23:17:39+08:00][error] [0]Class app\index\model\Student does not exist[D:\phpstudy_pro\WWW\test\vendor\topthink\framework\src\think\Container.php:442]
[2019-11-11T23:17:42+08:00][info] [ VIEW ] D:\phpstudy_pro\WWW\test\app\index\view\container\index.html [ array (
) ]
[2019-11-11T23:17:42+08:00][error] [0]Class app\index\model\Student does not exist[D:\phpstudy_pro\WWW\test\vendor\topthink\framework\src\think\Container.php:442]
[2019-11-11T23:20:00+08:00][info] [ VIEW ] D:\phpstudy_pro\WWW\test\app\index\view\container\index.html [ array (
) ]
[2019-11-11T23:20:01+08:00][error] [0]Class app\index\model\Student does not exist[D:\phpstudy_pro\WWW\test\vendor\topthink\framework\src\think\Container.php:442]
[2019-11-11T23:20:12+08:00][info] [ VIEW ] D:\phpstudy_pro\WWW\test\app\index\view\container\index.html [ array (
) ]
[2019-11-11T23:20:12+08:00][error] [0]Class app\index\model\Student does not exist[D:\phpstudy_pro\WWW\test\vendor\topthink\framework\src\think\Container.php:442]
[2019-11-11T23:20:23+08:00][info] [ VIEW ] D:\phpstudy_pro\WWW\test\app\index\view\container\index.html [ array (
) ]
[2019-11-11T23:20:23+08:00][error] [0]Class app\index\model\Student does not exist[D:\phpstudy_pro\WWW\test\vendor\topthink\framework\src\think\Container.php:442]
[2019-11-11T23:21:46+08:00][info] [ VIEW ] D:\phpstudy_pro\WWW\test\app\index\view\container\index.html [ array (
) ]
[2019-11-11T23:21:46+08:00][sql] CONNECT:[ UseTime:0.106378s ] mysql:host=127.0.0.1;port=3306;dbname=test;charset=utf8
[2019-11-11T23:21:46+08:00][sql] SHOW FULL COLUMNS FROM `student` [ RunTime:0.188228s ]
[2019-11-11T23:21:46+08:00][sql] SELECT * FROM `student` WHERE  `Id` = 1 LIMIT 1 [ RunTime:0.007983s ]
[2019-11-11T23:21:46+08:00][info] [ VIEW ] D:\phpstudy_pro\WWW\test\app\index\view\container\person.html [ array (
  0 => 'student',
) ]
[2019-11-11T23:26:33+08:00][info] [ VIEW ] D:\phpstudy_pro\WWW\test\app\index\view\container\index.html [ array (
) ]
[2019-11-11T23:27:27+08:00][info] [ VIEW ] D:\phpstudy_pro\WWW\test\app\index\view\container\index.html [ array (
) ]
