[2019-11-18T00:01:11+08:00][info] [ VIEW ] D:\phpstudy_pro\WWW\test\app\index\view\index\index.html [ array (
) ]
[2019-11-18T00:01:22+08:00][sql] CONNECT:[ UseTime:0.030457s ] mysql:host=127.0.0.1;port=3306;dbname=test;charset=utf8
[2019-11-18T00:01:22+08:00][sql] SHOW FULL COLUMNS FROM `student` [ RunTime:0.298419s ]
[2019-11-18T00:01:22+08:00][sql] SHOW FULL COLUMNS FROM `teacher` [ RunTime:0.040134s ]
[2019-11-18T00:01:22+08:00][sql] SELECT * FROM `student` WHERE  `user_id` = '201730622101' LIMIT 1 [ RunTime:0.001427s ]
[2019-11-18T00:01:22+08:00][sql] CONNECT:[ UseTime:0.001650s ] mysql:host=127.0.0.1;port=3306;dbname=test;charset=utf8
[2019-11-18T00:01:22+08:00][sql] SHOW FULL COLUMNS FROM `student` [ RunTime:0.004726s ]
[2019-11-18T00:01:22+08:00][sql] SELECT * FROM `student` WHERE  `Id` = 1 LIMIT 1 [ RunTime:0.026990s ]
[2019-11-18T00:01:22+08:00][info] [ VIEW ] D:\phpstudy_pro\WWW\test\app\index\view\container\index.html [ array (
  0 => 'id',
) ]
[2019-11-18T00:01:23+08:00][info] [ VIEW ] D:\phpstudy_pro\WWW\test\app\index\view\container\default.html [ array (
) ]
[2019-11-18T00:01:24+08:00][sql] CONNECT:[ UseTime:0.001571s ] mysql:host=127.0.0.1;port=3306;dbname=test;charset=utf8
[2019-11-18T00:01:24+08:00][sql] SHOW FULL COLUMNS FROM `student` [ RunTime:0.003463s ]
[2019-11-18T00:01:24+08:00][sql] SHOW FULL COLUMNS FROM `class` [ RunTime:0.058562s ]
[2019-11-18T00:01:24+08:00][sql] SELECT * FROM `student` WHERE  `Id` = 1 LIMIT 1 [ RunTime:0.000866s ]
[2019-11-18T00:01:24+08:00][sql] SELECT * FROM `class` WHERE  `Id` = 1 LIMIT 1 [ RunTime:0.000941s ]
[2019-11-18T00:01:24+08:00][info] [ VIEW ] D:\phpstudy_pro\WWW\test\app\index\view\container\person.html [ array (
  0 => 'student',
  1 => 'bname',
) ]
[2019-11-18T00:01:27+08:00][sql] CONNECT:[ UseTime:0.001926s ] mysql:host=127.0.0.1;port=3306;dbname=test;charset=utf8
[2019-11-18T00:01:27+08:00][sql] SHOW FULL COLUMNS FROM `tea_word` [ RunTime:0.097102s ]
[2019-11-18T00:01:27+08:00][sql] SHOW FULL COLUMNS FROM `teacher` [ RunTime:0.003790s ]
[2019-11-18T00:01:27+08:00][sql] SELECT * FROM `teacher` `a` INNER JOIN ( SELECT * FROM `tea_word` WHERE  `classId` = 1 ) `s` ON `a`.`Id`=`s`.`teaId` ORDER BY `a`.`Id` DESC LIMIT 0,2 [ RunTime:0.394889s ]
[2019-11-18T00:01:27+08:00][info] [ VIEW ] D:\phpstudy_pro\WWW\test\app\index\view\container\work.html [ array (
  0 => 'user',
  1 => 'id',
  2 => 'words',
  3 => 'page',
) ]
[2019-11-18T00:01:28+08:00][sql] CONNECT:[ UseTime:0.002081s ] mysql:host=127.0.0.1;port=3306;dbname=test;charset=utf8
[2019-11-18T00:01:28+08:00][sql] SHOW FULL COLUMNS FROM `tea_word` [ RunTime:0.003589s ]
[2019-11-18T00:01:28+08:00][sql] SHOW FULL COLUMNS FROM `teacher` [ RunTime:0.003736s ]
[2019-11-18T00:01:28+08:00][sql] SELECT * FROM `teacher` `a` INNER JOIN ( SELECT * FROM `tea_word` WHERE  `classId` = 1 ) `s` ON `a`.`Id`=`s`.`teaId` ORDER BY `a`.`Id` DESC LIMIT 2,2 [ RunTime:0.001777s ]
[2019-11-18T00:01:28+08:00][info] [ VIEW ] D:\phpstudy_pro\WWW\test\app\index\view\container\work.html [ array (
  0 => 'user',
  1 => 'id',
  2 => 'words',
  3 => 'page',
) ]
[2019-11-18T00:01:29+08:00][sql] CONNECT:[ UseTime:0.001788s ] mysql:host=127.0.0.1;port=3306;dbname=test;charset=utf8
[2019-11-18T00:01:29+08:00][sql] SHOW FULL COLUMNS FROM `tea_word` [ RunTime:0.003585s ]
[2019-11-18T00:01:29+08:00][sql] SHOW FULL COLUMNS FROM `teacher` [ RunTime:0.014682s ]
[2019-11-18T00:01:29+08:00][sql] SELECT * FROM `teacher` `a` INNER JOIN ( SELECT * FROM `tea_word` WHERE  `classId` = 1 ) `s` ON `a`.`Id`=`s`.`teaId` ORDER BY `a`.`Id` DESC LIMIT 0,2 [ RunTime:0.002027s ]
[2019-11-18T00:01:29+08:00][info] [ VIEW ] D:\phpstudy_pro\WWW\test\app\index\view\container\work.html [ array (
  0 => 'user',
  1 => 'id',
  2 => 'words',
  3 => 'page',
) ]
[2019-11-18T00:01:31+08:00][sql] CONNECT:[ UseTime:0.001878s ] mysql:host=127.0.0.1;port=3306;dbname=test;charset=utf8
[2019-11-18T00:01:31+08:00][sql] SHOW FULL COLUMNS FROM `tea_word` [ RunTime:0.003758s ]
[2019-11-18T00:01:31+08:00][sql] SELECT * FROM `tea_word` WHERE  `Id` = 1 LIMIT 1 [ RunTime:0.001040s ]
[2019-11-18T00:01:31+08:00][sql] SHOW FULL COLUMNS FROM `stud_word` [ RunTime:0.027762s ]
[2019-11-18T00:01:31+08:00][sql] SELECT * FROM `stud_word` WHERE  `studId` = 1  AND `tewId` = 1 LIMIT 1 [ RunTime:0.001338s ]
[2019-11-18T00:01:31+08:00][info] [ VIEW ] D:\phpstudy_pro\WWW\test\app\index\view\container\query.html [ array (
  0 => 'word',
  1 => 'user',
  2 => 'complete',
) ]
[2019-11-18T00:01:33+08:00][info] [ VIEW ] D:\phpstudy_pro\WWW\test\app\index\view\container\addtest.html [ array (
  0 => 'user',
  1 => 'teaword',
) ]
[2019-11-18T00:01:35+08:00][sql] CONNECT:[ UseTime:0.001598s ] mysql:host=127.0.0.1;port=3306;dbname=test;charset=utf8
[2019-11-18T00:01:35+08:00][sql] SHOW FULL COLUMNS FROM `tea_word` [ RunTime:0.003404s ]
[2019-11-18T00:01:35+08:00][sql] SHOW FULL COLUMNS FROM `teacher` [ RunTime:0.003603s ]
[2019-11-18T00:01:35+08:00][sql] SELECT * FROM `teacher` `a` INNER JOIN ( SELECT * FROM `tea_word` WHERE  `classId` = 1 ) `s` ON `a`.`Id`=`s`.`teaId` ORDER BY `a`.`Id` DESC LIMIT 0,2 [ RunTime:0.001724s ]
[2019-11-18T00:01:35+08:00][info] [ VIEW ] D:\phpstudy_pro\WWW\test\app\index\view\container\work.html [ array (
  0 => 'user',
  1 => 'id',
  2 => 'words',
  3 => 'page',
) ]
[2019-11-18T00:01:38+08:00][sql] CONNECT:[ UseTime:0.001746s ] mysql:host=127.0.0.1;port=3306;dbname=test;charset=utf8
[2019-11-18T00:01:38+08:00][sql] SHOW FULL COLUMNS FROM `tea_word` [ RunTime:0.003530s ]
[2019-11-18T00:01:38+08:00][sql] SHOW FULL COLUMNS FROM `teacher` [ RunTime:0.003497s ]
[2019-11-18T00:01:38+08:00][sql] SELECT * FROM `teacher` `a` INNER JOIN ( SELECT * FROM `tea_word` WHERE  `classId` = 1 ) `s` ON `a`.`Id`=`s`.`teaId` ORDER BY `a`.`Id` DESC LIMIT 2,2 [ RunTime:0.001992s ]
[2019-11-18T00:01:38+08:00][info] [ VIEW ] D:\phpstudy_pro\WWW\test\app\index\view\container\work.html [ array (
  0 => 'user',
  1 => 'id',
  2 => 'words',
  3 => 'page',
) ]
[2019-11-18T00:01:39+08:00][sql] CONNECT:[ UseTime:0.001641s ] mysql:host=127.0.0.1;port=3306;dbname=test;charset=utf8
[2019-11-18T00:01:39+08:00][sql] SHOW FULL COLUMNS FROM `tea_word` [ RunTime:0.003591s ]
[2019-11-18T00:01:39+08:00][sql] SHOW FULL COLUMNS FROM `teacher` [ RunTime:0.003511s ]
[2019-11-18T00:01:39+08:00][sql] SELECT * FROM `teacher` `a` INNER JOIN ( SELECT * FROM `tea_word` WHERE  `classId` = 1 ) `s` ON `a`.`Id`=`s`.`teaId` ORDER BY `a`.`Id` DESC LIMIT 4,2 [ RunTime:0.001835s ]
[2019-11-18T00:01:39+08:00][sql] SELECT * FROM `teacher` `a` INNER JOIN ( SELECT * FROM `tea_word` WHERE  `classId` = 1 ) `s` ON `a`.`Id`=`s`.`teaId` ORDER BY `a`.`Id` DESC LIMIT 2,2 [ RunTime:0.001953s ]
[2019-11-18T00:01:39+08:00][info] [ VIEW ] D:\phpstudy_pro\WWW\test\app\index\view\container\work.html [ array (
  0 => 'user',
  1 => 'id',
  2 => 'words',
  3 => 'page',
) ]
[2019-11-18T00:01:40+08:00][sql] CONNECT:[ UseTime:0.002085s ] mysql:host=127.0.0.1;port=3306;dbname=test;charset=utf8
[2019-11-18T00:01:40+08:00][sql] SHOW FULL COLUMNS FROM `tea_word` [ RunTime:0.003308s ]
[2019-11-18T00:01:40+08:00][sql] SHOW FULL COLUMNS FROM `teacher` [ RunTime:0.003366s ]
[2019-11-18T00:01:40+08:00][sql] SELECT * FROM `teacher` `a` INNER JOIN ( SELECT * FROM `tea_word` WHERE  `classId` = 1 ) `s` ON `a`.`Id`=`s`.`teaId` ORDER BY `a`.`Id` DESC LIMIT 0,2 [ RunTime:0.001866s ]
[2019-11-18T00:01:40+08:00][info] [ VIEW ] D:\phpstudy_pro\WWW\test\app\index\view\container\work.html [ array (
  0 => 'user',
  1 => 'id',
  2 => 'words',
  3 => 'page',
) ]
[2019-11-18T00:01:41+08:00][sql] CONNECT:[ UseTime:0.002282s ] mysql:host=127.0.0.1;port=3306;dbname=test;charset=utf8
[2019-11-18T00:01:41+08:00][sql] SHOW FULL COLUMNS FROM `tea_word` [ RunTime:0.003760s ]
[2019-11-18T00:01:41+08:00][sql] SHOW FULL COLUMNS FROM `teacher` [ RunTime:0.003756s ]
[2019-11-18T00:01:41+08:00][sql] SELECT * FROM `teacher` `a` INNER JOIN ( SELECT * FROM `tea_word` WHERE  `classId` = 1 ) `s` ON `a`.`Id`=`s`.`teaId` ORDER BY `a`.`Id` DESC LIMIT 0,2 [ RunTime:0.002378s ]
[2019-11-18T00:01:41+08:00][info] [ VIEW ] D:\phpstudy_pro\WWW\test\app\index\view\container\work.html [ array (
  0 => 'user',
  1 => 'id',
  2 => 'words',
  3 => 'page',
) ]
[2019-11-18T00:01:42+08:00][sql] CONNECT:[ UseTime:0.002314s ] mysql:host=127.0.0.1;port=3306;dbname=test;charset=utf8
[2019-11-18T00:01:42+08:00][sql] SHOW FULL COLUMNS FROM `tea_word` [ RunTime:0.003752s ]
[2019-11-18T00:01:42+08:00][sql] SHOW FULL COLUMNS FROM `teacher` [ RunTime:0.003859s ]
[2019-11-18T00:01:42+08:00][sql] SELECT * FROM `teacher` `a` INNER JOIN ( SELECT * FROM `tea_word` WHERE  `classId` = 1 ) `s` ON `a`.`Id`=`s`.`teaId` ORDER BY `a`.`Id` DESC LIMIT 0,2 [ RunTime:0.002264s ]
[2019-11-18T00:01:42+08:00][info] [ VIEW ] D:\phpstudy_pro\WWW\test\app\index\view\container\work.html [ array (
  0 => 'user',
  1 => 'id',
  2 => 'words',
  3 => 'page',
) ]
[2019-11-18T00:01:43+08:00][sql] CONNECT:[ UseTime:0.002103s ] mysql:host=127.0.0.1;port=3306;dbname=test;charset=utf8
[2019-11-18T00:01:43+08:00][sql] SHOW FULL COLUMNS FROM `student` [ RunTime:0.004164s ]
[2019-11-18T00:01:43+08:00][sql] SHOW FULL COLUMNS FROM `class` [ RunTime:0.003900s ]
[2019-11-18T00:01:43+08:00][sql] SELECT * FROM `student` WHERE  `Id` = 1 LIMIT 1 [ RunTime:0.001037s ]
[2019-11-18T00:01:43+08:00][sql] SELECT * FROM `class` WHERE  `Id` = 1 LIMIT 1 [ RunTime:0.001137s ]
[2019-11-18T00:01:43+08:00][info] [ VIEW ] D:\phpstudy_pro\WWW\test\app\index\view\container\person.html [ array (
  0 => 'student',
  1 => 'bname',
) ]
[2019-11-18T00:01:44+08:00][info] [ VIEW ] D:\phpstudy_pro\WWW\test\app\index\view\container\default.html [ array (
) ]
[2019-11-18T00:11:45+08:00][info] [ VIEW ] D:\phpstudy_pro\WWW\test\app\index\view\index\index.html [ array (
) ]
[2019-11-18T00:11:53+08:00][sql] CONNECT:[ UseTime:0.004353s ] mysql:host=127.0.0.1;port=3306;dbname=test;charset=utf8
[2019-11-18T00:11:53+08:00][sql] SHOW FULL COLUMNS FROM `student` [ RunTime:0.004542s ]
[2019-11-18T00:11:53+08:00][sql] SHOW FULL COLUMNS FROM `teacher` [ RunTime:0.002160s ]
[2019-11-18T00:14:12+08:00][sql] CONNECT:[ UseTime:0.001850s ] mysql:host=127.0.0.1;port=3306;dbname=test;charset=utf8
[2019-11-18T00:14:12+08:00][sql] SHOW FULL COLUMNS FROM `student` [ RunTime:0.031551s ]
[2019-11-18T00:14:12+08:00][sql] SHOW FULL COLUMNS FROM `teacher` [ RunTime:0.003834s ]
[2019-11-18T00:14:12+08:00][sql] SELECT * FROM `teacher` WHERE  `user_id` = '666666' LIMIT 1 [ RunTime:0.027748s ]
[2019-11-18T00:14:12+08:00][sql] CONNECT:[ UseTime:0.001765s ] mysql:host=127.0.0.1;port=3306;dbname=test;charset=utf8
[2019-11-18T00:14:12+08:00][sql] SHOW FULL COLUMNS FROM `teacher` [ RunTime:0.003457s ]
[2019-11-18T00:14:12+08:00][sql] SELECT * FROM `teacher` WHERE  `Id` = 1 LIMIT 1 [ RunTime:0.001542s ]
[2019-11-18T00:14:12+08:00][info] [ VIEW ] D:\phpstudy_pro\WWW\test\app\index\view\tcontainer\index.html [ array (
  0 => 'id',
) ]
[2019-11-18T00:14:12+08:00][info] [ VIEW ] D:\phpstudy_pro\WWW\test\app\index\view\container\default.html [ array (
) ]
[2019-11-18T13:13:29+08:00][info] [ VIEW ] D:\phpstudy_pro\WWW\test\app\index\view\index\index.html [ array (
) ]
